
*** Running vivado
    with args -log design_1_axis_gpio_0_0.vds -m64 -product Vivado -mode batch -messageDb vivado.pb -notrace -source design_1_axis_gpio_0_0.tcl


****** Vivado v2024.2.1 (64-bit)
  **** SW Build 5266912 on Sun Dec 15 09:03:31 MST 2024
  **** IP Build 5264866 on Sun Dec 15 16:27:47 MST 2024
  **** SharedData Build 5264680 on Wed Dec 11 12:48:36 MST 2024
  **** Start of session at: Wed Jan 29 10:31:12 2025
    ** Copyright 1986-2022 Xilinx, Inc. All Rights Reserved.
    ** Copyright 2022-2024 Advanced Micro Devices, Inc. All Rights Reserved.

source design_1_axis_gpio_0_0.tcl -notrace
INFO: [IP_Flow 19-234] Refreshing IP repositories
INFO: [IP_Flow 19-1700] Loaded user IP repository '/home/ericbreh/school/cse293-final-project/Toolbox/ip_repo'.
INFO: [IP_Flow 19-2313] Loaded Vivado IP repository '/home/ericbreh/Utils/Xilinx/Vivado/2024.2/data/ip'.
INFO: [IP_Flow 19-6924] IPCACHE: Running cache check for IP inst: design_1_axis_gpio_0_0
Command: synth_design -top design_1_axis_gpio_0_0 -part xc7a100tcsg324-1 -incremental_mode off -mode out_of_context
Starting synth_design
Attempting to get a license for feature 'Synthesis' and/or device 'xc7a100t'
INFO: [Common 17-349] Got license for feature 'Synthesis' and/or device 'xc7a100t'
INFO: [Device 21-403] Loading part xc7a100tcsg324-1
INFO: [Synth 8-7079] Multithreading enabled for synth_design using a maximum of 7 processes.
INFO: [Synth 8-7078] Launching helper process for spawning children vivado processes
INFO: [Synth 8-7075] Helper process launched with PID 20939
---------------------------------------------------------------------------------
Starting RTL Elaboration : Time (s): cpu = 00:00:19 ; elapsed = 00:00:20 . Memory (MB): peak = 1857.516 ; gain = 418.797 ; free physical = 2373 ; free virtual = 4667
---------------------------------------------------------------------------------
INFO: [Synth 8-6157] synthesizing module 'design_1_axis_gpio_0_0' [/home/ericbreh/school/cse293-final-project/eth_project/eth_project.gen/sources_1/bd/design_1/ip/design_1_axis_gpio_0_0/synth/design_1_axis_gpio_0_0.v:53]
INFO: [Synth 8-6157] synthesizing module 'axis_gpio_v1_0' [/home/ericbreh/school/cse293-final-project/eth_project/eth_project.gen/sources_1/bd/design_1/ipshared/aff5/src/axis_gpio_v1_0.v:25]
INFO: [Synth 8-6157] synthesizing module 'axis_gpio' [/home/ericbreh/school/cse293-final-project/eth_project/eth_project.gen/sources_1/bd/design_1/ipshared/aff5/src/axis_gpio.sv:24]
INFO: [Synth 8-6155] done synthesizing module 'axis_gpio' (0#1) [/home/ericbreh/school/cse293-final-project/eth_project/eth_project.gen/sources_1/bd/design_1/ipshared/aff5/src/axis_gpio.sv:24]
INFO: [Synth 8-6157] synthesizing module 'sw_axis' [/home/ericbreh/school/cse293-final-project/eth_project/eth_project.gen/sources_1/bd/design_1/ipshared/aff5/src/sw_axis.sv:25]
INFO: [Synth 8-6157] synthesizing module 'debounce' [/home/ericbreh/school/cse293-final-project/eth_project/eth_project.gen/sources_1/bd/design_1/ipshared/aff5/src/debounce.sv:27]
INFO: [Synth 8-6155] done synthesizing module 'debounce' (0#1) [/home/ericbreh/school/cse293-final-project/eth_project/eth_project.gen/sources_1/bd/design_1/ipshared/aff5/src/debounce.sv:27]
INFO: [Synth 8-6157] synthesizing module 'axis_data_fifo_tuser' [/home/ericbreh/school/cse293-final-project/eth_project/eth_project.gen/sources_1/bd/design_1/ip/design_1_axis_gpio_0_0/src/axis_data_fifo_tuser/synth/axis_data_fifo_tuser.v:53]
INFO: [Synth 8-6157] synthesizing module 'axis_data_fifo_v2_0_16_top' [/home/ericbreh/school/cse293-final-project/eth_project/eth_project.gen/sources_1/bd/design_1/ip/design_1_axis_gpio_0_0/src/axis_data_fifo_tuser/hdl/axis_data_fifo_v2_0_vl_rfs.v:53]
INFO: [Synth 8-6157] synthesizing module 'axis_infrastructure_v1_1_1_util_aclken_converter_wrapper' [/home/ericbreh/school/cse293-final-project/eth_project/eth_project.gen/sources_1/bd/design_1/ip/design_1_axis_gpio_0_0/src/axis_data_fifo_tuser/hdl/axis_infrastructure_v1_1_vl_rfs.v:596]
INFO: [Synth 8-6157] synthesizing module 'axis_infrastructure_v1_1_1_util_axis2vector' [/home/ericbreh/school/cse293-final-project/eth_project/eth_project.gen/sources_1/bd/design_1/ip/design_1_axis_gpio_0_0/src/axis_data_fifo_tuser/hdl/axis_infrastructure_v1_1_vl_rfs.v:805]
INFO: [Synth 8-6155] done synthesizing module 'axis_infrastructure_v1_1_1_util_axis2vector' (0#1) [/home/ericbreh/school/cse293-final-project/eth_project/eth_project.gen/sources_1/bd/design_1/ip/design_1_axis_gpio_0_0/src/axis_data_fifo_tuser/hdl/axis_infrastructure_v1_1_vl_rfs.v:805]
INFO: [Synth 8-6157] synthesizing module 'axis_infrastructure_v1_1_1_util_vector2axis' [/home/ericbreh/school/cse293-final-project/eth_project/eth_project.gen/sources_1/bd/design_1/ip/design_1_axis_gpio_0_0/src/axis_data_fifo_tuser/hdl/axis_infrastructure_v1_1_vl_rfs.v:986]
INFO: [Synth 8-6155] done synthesizing module 'axis_infrastructure_v1_1_1_util_vector2axis' (0#1) [/home/ericbreh/school/cse293-final-project/eth_project/eth_project.gen/sources_1/bd/design_1/ip/design_1_axis_gpio_0_0/src/axis_data_fifo_tuser/hdl/axis_infrastructure_v1_1_vl_rfs.v:986]
INFO: [Synth 8-6155] done synthesizing module 'axis_infrastructure_v1_1_1_util_aclken_converter_wrapper' (0#1) [/home/ericbreh/school/cse293-final-project/eth_project/eth_project.gen/sources_1/bd/design_1/ip/design_1_axis_gpio_0_0/src/axis_data_fifo_tuser/hdl/axis_infrastructure_v1_1_vl_rfs.v:596]
INFO: [Synth 8-6157] synthesizing module 'xpm_fifo_axis' [/home/ericbreh/Utils/Xilinx/Vivado/2024.2/data/ip/xpm/xpm_fifo/hdl/xpm_fifo.sv:2373]
INFO: [Synth 8-6157] synthesizing module 'xpm_cdc_sync_rst' [/home/ericbreh/Utils/Xilinx/Vivado/2024.2/data/ip/xpm/xpm_cdc/hdl/xpm_cdc.sv:1059]
INFO: [Synth 8-6155] done synthesizing module 'xpm_cdc_sync_rst' (0#1) [/home/ericbreh/Utils/Xilinx/Vivado/2024.2/data/ip/xpm/xpm_cdc/hdl/xpm_cdc.sv:1059]
INFO: [Synth 8-6157] synthesizing module 'xpm_fifo_base' [/home/ericbreh/Utils/Xilinx/Vivado/2024.2/data/ip/xpm/xpm_fifo/hdl/xpm_fifo.sv:53]
INFO: [Synth 8-6157] synthesizing module 'xpm_memory_base' [/home/ericbreh/Utils/Xilinx/Vivado/2024.2/data/ip/xpm/xpm_memory/hdl/xpm_memory.sv:54]
INFO: [Synth 8-6059] Synth Info: [XPM_MEMORY 20-1] MEMORY_PRIMITIVE (0) instructs Vivado Synthesis to choose the memory primitive type. Depending on their values, other XPM_MEMORY parameters may preclude the choice of certain memory primitive types. Review XPM_MEMORY documentation and parameter values to understand any limitations, or set MEMORY_PRIMITIVE to a different value.   [/home/ericbreh/Utils/Xilinx/Vivado/2024.2/data/ip/xpm/xpm_memory/hdl/xpm_memory.sv:514]
INFO: [Synth 8-6155] done synthesizing module 'xpm_memory_base' (0#1) [/home/ericbreh/Utils/Xilinx/Vivado/2024.2/data/ip/xpm/xpm_memory/hdl/xpm_memory.sv:54]
INFO: [Synth 8-226] default block is never used [/home/ericbreh/Utils/Xilinx/Vivado/2024.2/data/ip/xpm/xpm_fifo/hdl/xpm_fifo.sv:1220]
INFO: [Synth 8-226] default block is never used [/home/ericbreh/Utils/Xilinx/Vivado/2024.2/data/ip/xpm/xpm_fifo/hdl/xpm_fifo.sv:1287]
INFO: [Synth 8-226] default block is never used [/home/ericbreh/Utils/Xilinx/Vivado/2024.2/data/ip/xpm/xpm_fifo/hdl/xpm_fifo.sv:1309]
INFO: [Synth 8-6157] synthesizing module 'xpm_fifo_reg_bit' [/home/ericbreh/Utils/Xilinx/Vivado/2024.2/data/ip/xpm/xpm_fifo/hdl/xpm_fifo.sv:1927]
INFO: [Synth 8-6155] done synthesizing module 'xpm_fifo_reg_bit' (0#1) [/home/ericbreh/Utils/Xilinx/Vivado/2024.2/data/ip/xpm/xpm_fifo/hdl/xpm_fifo.sv:1927]
INFO: [Synth 8-6157] synthesizing module 'xpm_counter_updn' [/home/ericbreh/Utils/Xilinx/Vivado/2024.2/data/ip/xpm/xpm_fifo/hdl/xpm_fifo.sv:1879]
INFO: [Synth 8-6155] done synthesizing module 'xpm_counter_updn' (0#1) [/home/ericbreh/Utils/Xilinx/Vivado/2024.2/data/ip/xpm/xpm_fifo/hdl/xpm_fifo.sv:1879]
INFO: [Synth 8-6157] synthesizing module 'xpm_fifo_rst' [/home/ericbreh/Utils/Xilinx/Vivado/2024.2/data/ip/xpm/xpm_fifo/hdl/xpm_fifo.sv:1639]
INFO: [Synth 8-6155] done synthesizing module 'xpm_fifo_rst' (0#1) [/home/ericbreh/Utils/Xilinx/Vivado/2024.2/data/ip/xpm/xpm_fifo/hdl/xpm_fifo.sv:1639]
INFO: [Synth 8-6157] synthesizing module 'xpm_counter_updn__parameterized0' [/home/ericbreh/Utils/Xilinx/Vivado/2024.2/data/ip/xpm/xpm_fifo/hdl/xpm_fifo.sv:1879]
INFO: [Synth 8-6155] done synthesizing module 'xpm_counter_updn__parameterized0' (0#1) [/home/ericbreh/Utils/Xilinx/Vivado/2024.2/data/ip/xpm/xpm_fifo/hdl/xpm_fifo.sv:1879]
INFO: [Synth 8-6157] synthesizing module 'xpm_counter_updn__parameterized1' [/home/ericbreh/Utils/Xilinx/Vivado/2024.2/data/ip/xpm/xpm_fifo/hdl/xpm_fifo.sv:1879]
INFO: [Synth 8-6155] done synthesizing module 'xpm_counter_updn__parameterized1' (0#1) [/home/ericbreh/Utils/Xilinx/Vivado/2024.2/data/ip/xpm/xpm_fifo/hdl/xpm_fifo.sv:1879]
INFO: [Synth 8-6157] synthesizing module 'xpm_counter_updn__parameterized2' [/home/ericbreh/Utils/Xilinx/Vivado/2024.2/data/ip/xpm/xpm_fifo/hdl/xpm_fifo.sv:1879]
INFO: [Synth 8-6155] done synthesizing module 'xpm_counter_updn__parameterized2' (0#1) [/home/ericbreh/Utils/Xilinx/Vivado/2024.2/data/ip/xpm/xpm_fifo/hdl/xpm_fifo.sv:1879]
INFO: [Synth 8-6155] done synthesizing module 'xpm_fifo_base' (0#1) [/home/ericbreh/Utils/Xilinx/Vivado/2024.2/data/ip/xpm/xpm_fifo/hdl/xpm_fifo.sv:53]
INFO: [Synth 8-6155] done synthesizing module 'xpm_fifo_axis' (0#1) [/home/ericbreh/Utils/Xilinx/Vivado/2024.2/data/ip/xpm/xpm_fifo/hdl/xpm_fifo.sv:2373]
INFO: [Synth 8-6155] done synthesizing module 'axis_data_fifo_v2_0_16_top' (0#1) [/home/ericbreh/school/cse293-final-project/eth_project/eth_project.gen/sources_1/bd/design_1/ip/design_1_axis_gpio_0_0/src/axis_data_fifo_tuser/hdl/axis_data_fifo_v2_0_vl_rfs.v:53]
INFO: [Synth 8-6155] done synthesizing module 'axis_data_fifo_tuser' (0#1) [/home/ericbreh/school/cse293-final-project/eth_project/eth_project.gen/sources_1/bd/design_1/ip/design_1_axis_gpio_0_0/src/axis_data_fifo_tuser/synth/axis_data_fifo_tuser.v:53]
INFO: [Synth 8-6155] done synthesizing module 'sw_axis' (0#1) [/home/ericbreh/school/cse293-final-project/eth_project/eth_project.gen/sources_1/bd/design_1/ipshared/aff5/src/sw_axis.sv:25]
INFO: [Synth 8-6155] done synthesizing module 'axis_gpio_v1_0' (0#1) [/home/ericbreh/school/cse293-final-project/eth_project/eth_project.gen/sources_1/bd/design_1/ipshared/aff5/src/axis_gpio_v1_0.v:25]
INFO: [Synth 8-6155] done synthesizing module 'design_1_axis_gpio_0_0' (0#1) [/home/ericbreh/school/cse293-final-project/eth_project/eth_project.gen/sources_1/bd/design_1/ip/design_1_axis_gpio_0_0/synth/design_1_axis_gpio_0_0.v:53]
WARNING: [Synth 8-6014] Unused sequential element gen_rd_b.gen_doutb_pipe.enb_pipe_reg[0] was removed.  [/home/ericbreh/Utils/Xilinx/Vivado/2024.2/data/ip/xpm/xpm_memory/hdl/xpm_memory.sv:3077]
WARNING: [Synth 8-6014] Unused sequential element gdvld.data_valid_std_reg was removed.  [/home/ericbreh/Utils/Xilinx/Vivado/2024.2/data/ip/xpm/xpm_fifo/hdl/xpm_fifo.sv:550]
WARNING: [Synth 8-6014] Unused sequential element gen_fwft.empty_fwft_fb_reg was removed.  [/home/ericbreh/Utils/Xilinx/Vivado/2024.2/data/ip/xpm/xpm_fifo/hdl/xpm_fifo.sv:1404]
WARNING: [Synth 8-7129] Port ACLK in module axis_infrastructure_v1_1_1_util_aclken_converter_wrapper is either unconnected or has no load
WARNING: [Synth 8-7129] Port ARESETN in module axis_infrastructure_v1_1_1_util_aclken_converter_wrapper is either unconnected or has no load
WARNING: [Synth 8-7129] Port S_ACLKEN in module axis_infrastructure_v1_1_1_util_aclken_converter_wrapper is either unconnected or has no load
WARNING: [Synth 8-7129] Port M_ACLKEN in module axis_infrastructure_v1_1_1_util_aclken_converter_wrapper is either unconnected or has no load
WARNING: [Synth 8-7129] Port rd_clk in module xpm_fifo_rst is either unconnected or has no load
WARNING: [Synth 8-7129] Port sleep in module xpm_memory_base is either unconnected or has no load
WARNING: [Synth 8-7129] Port rsta in module xpm_memory_base is either unconnected or has no load
WARNING: [Synth 8-7129] Port regcea in module xpm_memory_base is either unconnected or has no load
WARNING: [Synth 8-7129] Port injectsbiterra in module xpm_memory_base is either unconnected or has no load
WARNING: [Synth 8-7129] Port injectdbiterra in module xpm_memory_base is either unconnected or has no load
WARNING: [Synth 8-7129] Port clkb in module xpm_memory_base is either unconnected or has no load
WARNING: [Synth 8-7129] Port dinb[24] in module xpm_memory_base is either unconnected or has no load
WARNING: [Synth 8-7129] Port dinb[23] in module xpm_memory_base is either unconnected or has no load
WARNING: [Synth 8-7129] Port dinb[22] in module xpm_memory_base is either unconnected or has no load
WARNING: [Synth 8-7129] Port dinb[21] in module xpm_memory_base is either unconnected or has no load
WARNING: [Synth 8-7129] Port dinb[20] in module xpm_memory_base is either unconnected or has no load
WARNING: [Synth 8-7129] Port dinb[19] in module xpm_memory_base is either unconnected or has no load
WARNING: [Synth 8-7129] Port dinb[18] in module xpm_memory_base is either unconnected or has no load
WARNING: [Synth 8-7129] Port dinb[17] in module xpm_memory_base is either unconnected or has no load
WARNING: [Synth 8-7129] Port dinb[16] in module xpm_memory_base is either unconnected or has no load
WARNING: [Synth 8-7129] Port dinb[15] in module xpm_memory_base is either unconnected or has no load
WARNING: [Synth 8-7129] Port dinb[14] in module xpm_memory_base is either unconnected or has no load
WARNING: [Synth 8-7129] Port dinb[13] in module xpm_memory_base is either unconnected or has no load
WARNING: [Synth 8-7129] Port dinb[12] in module xpm_memory_base is either unconnected or has no load
WARNING: [Synth 8-7129] Port dinb[11] in module xpm_memory_base is either unconnected or has no load
WARNING: [Synth 8-7129] Port dinb[10] in module xpm_memory_base is either unconnected or has no load
WARNING: [Synth 8-7129] Port dinb[9] in module xpm_memory_base is either unconnected or has no load
WARNING: [Synth 8-7129] Port dinb[8] in module xpm_memory_base is either unconnected or has no load
WARNING: [Synth 8-7129] Port dinb[7] in module xpm_memory_base is either unconnected or has no load
WARNING: [Synth 8-7129] Port dinb[6] in module xpm_memory_base is either unconnected or has no load
WARNING: [Synth 8-7129] Port dinb[5] in module xpm_memory_base is either unconnected or has no load
WARNING: [Synth 8-7129] Port dinb[4] in module xpm_memory_base is either unconnected or has no load
WARNING: [Synth 8-7129] Port dinb[3] in module xpm_memory_base is either unconnected or has no load
WARNING: [Synth 8-7129] Port dinb[2] in module xpm_memory_base is either unconnected or has no load
WARNING: [Synth 8-7129] Port dinb[1] in module xpm_memory_base is either unconnected or has no load
WARNING: [Synth 8-7129] Port dinb[0] in module xpm_memory_base is either unconnected or has no load
WARNING: [Synth 8-7129] Port injectsbiterrb in module xpm_memory_base is either unconnected or has no load
WARNING: [Synth 8-7129] Port injectdbiterrb in module xpm_memory_base is either unconnected or has no load
WARNING: [Synth 8-7129] Port m_aclk in module xpm_fifo_axis is either unconnected or has no load
WARNING: [Synth 8-7129] Port m_axis_aclk in module axis_data_fifo_v2_0_16_top is either unconnected or has no load
---------------------------------------------------------------------------------
Finished RTL Elaboration : Time (s): cpu = 00:00:23 ; elapsed = 00:00:25 . Memory (MB): peak = 1940.484 ; gain = 501.766 ; free physical = 2217 ; free virtual = 4531
---------------------------------------------------------------------------------
---------------------------------------------------------------------------------
Start Handling Custom Attributes
---------------------------------------------------------------------------------
---------------------------------------------------------------------------------
Finished Handling Custom Attributes : Time (s): cpu = 00:00:23 ; elapsed = 00:00:25 . Memory (MB): peak = 1958.297 ; gain = 519.578 ; free physical = 2208 ; free virtual = 4523
---------------------------------------------------------------------------------
---------------------------------------------------------------------------------
Finished RTL Optimization Phase 1 : Time (s): cpu = 00:00:23 ; elapsed = 00:00:25 . Memory (MB): peak = 1958.297 ; gain = 519.578 ; free physical = 2208 ; free virtual = 4523
---------------------------------------------------------------------------------
Netlist sorting complete. Time (s): cpu = 00:00:00.04 ; elapsed = 00:00:00.05 . Memory (MB): peak = 1958.297 ; gain = 0.000 ; free physical = 2199 ; free virtual = 4513
INFO: [Project 1-570] Preparing netlist for logic optimization

Processing XDC Constraints
Initializing timing engine
Parsing XDC File [/home/ericbreh/school/cse293-final-project/eth_project/eth_project.runs/design_1_axis_gpio_0_0_synth_1/dont_touch.xdc]
Finished Parsing XDC File [/home/ericbreh/school/cse293-final-project/eth_project/eth_project.runs/design_1_axis_gpio_0_0_synth_1/dont_touch.xdc]
INFO: [Project 1-236] Implementation specific constraints were found while reading constraint file [/home/ericbreh/Utils/Xilinx/Vivado/2024.2/data/ip/xpm/xpm_fifo/tcl/xpm_fifo_rst_axis.tcl]. These constraints will be ignored for synthesis but will be used in implementation. Impacted constraints are listed in the file [.Xil/design_1_axis_gpio_0_0_propImpl.xdc].
Resolution: To avoid this warning, move constraints listed in [.Xil/design_1_axis_gpio_0_0_propImpl.xdc] to another XDC file and exclude this new file from synthesis with the used_in_synthesis property (File Properties dialog in GUI) and re-run elaboration/synthesis.
INFO: [Project 1-1714] 2 XPM XDC files have been applied to the design.
Completed Processing XDC Constraints

Netlist sorting complete. Time (s): cpu = 00:00:00 ; elapsed = 00:00:00 . Memory (MB): peak = 2086.078 ; gain = 0.000 ; free physical = 2047 ; free virtual = 4361
INFO: [Project 1-111] Unisim Transformation Summary:
No Unisim elements were transformed.

Constraint Validation Runtime : Time (s): cpu = 00:00:00.03 ; elapsed = 00:00:00.04 . Memory (MB): peak = 2086.078 ; gain = 0.000 ; free physical = 2047 ; free virtual = 4361
INFO: [Designutils 20-5008] Incremental synthesis strategy off
---------------------------------------------------------------------------------
Finished Constraint Validation : Time (s): cpu = 00:00:40 ; elapsed = 00:00:42 . Memory (MB): peak = 2086.078 ; gain = 647.359 ; free physical = 1738 ; free virtual = 4105
---------------------------------------------------------------------------------
---------------------------------------------------------------------------------
Start Loading Part and Timing Information
---------------------------------------------------------------------------------
Loading part: xc7a100tcsg324-1
---------------------------------------------------------------------------------
Finished Loading Part and Timing Information : Time (s): cpu = 00:00:40 ; elapsed = 00:00:42 . Memory (MB): peak = 2094.082 ; gain = 655.363 ; free physical = 1738 ; free virtual = 4105
---------------------------------------------------------------------------------
---------------------------------------------------------------------------------
Start Applying 'set_property' XDC Constraints
---------------------------------------------------------------------------------
Applied set_property KEEP_HIERARCHY = SOFT for inst/sw_axis_i/axis_data_fifo_tuser. (constraint file  auto generated constraint).
Applied set_property KEEP_HIERARCHY = SOFT for inst/sw_axis_i/axis_data_fifo_tuser/inst/\gen_fifo.xpm_fifo_axis_inst /\gaxis_rst_sync.xpm_cdc_sync_rst_inst . (constraint file  auto generated constraint).
Applied set_property KEEP_HIERARCHY = SOFT for inst/sw_axis_i/axis_data_fifo_tuser/inst/\gen_fifo.xpm_fifo_axis_inst . (constraint file  auto generated constraint).
---------------------------------------------------------------------------------
Finished applying 'set_property' XDC Constraints : Time (s): cpu = 00:00:40 ; elapsed = 00:00:42 . Memory (MB): peak = 2094.082 ; gain = 655.363 ; free physical = 1738 ; free virtual = 4105
---------------------------------------------------------------------------------
INFO: [Synth 8-802] inferred FSM for state register 'gen_fwft.curr_fwft_state_reg' in module 'xpm_fifo_base'
INFO: [Synth 8-802] inferred FSM for state register 'current_state_reg' in module 'sw_axis'
---------------------------------------------------------------------------------------------------
                   State |                     New Encoding |                Previous Encoding 
---------------------------------------------------------------------------------------------------
                 invalid |                               00 |                               00
            stage1_valid |                               01 |                               10
       both_stages_valid |                               10 |                               11
            stage2_valid |                               11 |                               01
---------------------------------------------------------------------------------------------------
INFO: [Synth 8-3354] encoded FSM with state register 'gen_fwft.curr_fwft_state_reg' using encoding 'sequential' in module 'xpm_fifo_base'
---------------------------------------------------------------------------------------------------
                   State |                     New Encoding |                Previous Encoding 
---------------------------------------------------------------------------------------------------
                    IDLE |                              000 | 00000000000000000000000000000000
                  PREFIX |                              001 | 00000000000000000000000000000001
                    DATA |                              010 | 00000000000000000000000000000010
                 POSTFIX |                              011 | 00000000000000000000000000000011
                    WAIT |                              100 | 00000000000000000000000000000100
---------------------------------------------------------------------------------------------------
INFO: [Synth 8-3354] encoded FSM with state register 'current_state_reg' using encoding 'sequential' in module 'sw_axis'
---------------------------------------------------------------------------------
Finished RTL Optimization Phase 2 : Time (s): cpu = 00:00:42 ; elapsed = 00:00:45 . Memory (MB): peak = 2094.082 ; gain = 655.363 ; free physical = 1737 ; free virtual = 4105
---------------------------------------------------------------------------------
---------------------------------------------------------------------------------
Start RTL Component Statistics 
---------------------------------------------------------------------------------
Detailed RTL Component Info : 
+---Adders : 
	   4 Input    7 Bit       Adders := 3     
	   2 Input    7 Bit       Adders := 5     
	   4 Input    6 Bit       Adders := 3     
	   4 Input    2 Bit       Adders := 1     
+---Registers : 
	              248 Bit    Registers := 1     
	               32 Bit    Registers := 1     
	               25 Bit    Registers := 2     
	               16 Bit    Registers := 5     
	               15 Bit    Registers := 16    
	                7 Bit    Registers := 4     
	                6 Bit    Registers := 3     
	                4 Bit    Registers := 1     
	                3 Bit    Registers := 1     
	                2 Bit    Registers := 2     
	                1 Bit    Registers := 15    
+---RAMs : 
	               1K Bit	(64 X 25 bit)          RAMs := 1     
+---Muxes : 
	   2 Input  248 Bit        Muxes := 2     
	   2 Input  247 Bit        Muxes := 1     
	   2 Input   32 Bit        Muxes := 11    
	   5 Input   32 Bit        Muxes := 6     
	   2 Input   16 Bit        Muxes := 3     
	   2 Input   12 Bit        Muxes := 1     
	   5 Input    8 Bit        Muxes := 1     
	   2 Input    7 Bit        Muxes := 4     
	   5 Input    3 Bit        Muxes := 1     
	   2 Input    3 Bit        Muxes := 5     
	   2 Input    2 Bit        Muxes := 31    
	   4 Input    2 Bit        Muxes := 7     
	   2 Input    1 Bit        Muxes := 16    
	   4 Input    1 Bit        Muxes := 2     
	   5 Input    1 Bit        Muxes := 1     
---------------------------------------------------------------------------------
Finished RTL Component Statistics 
---------------------------------------------------------------------------------
---------------------------------------------------------------------------------
Start Part Resource Summary
---------------------------------------------------------------------------------
Part Resources:
DSPs: 240 (col length:80)
BRAMs: 270 (col length: RAMB18 80 RAMB36 40)
---------------------------------------------------------------------------------
Finished Part Resource Summary
---------------------------------------------------------------------------------
---------------------------------------------------------------------------------
Start Cross Boundary and Area Optimization
---------------------------------------------------------------------------------
WARNING: [Synth 8-7080] Parallel synthesis criteria is not met
INFO: [Synth 8-3917] design design_1_axis_gpio_0_0 has port s00_axis_tready driven by constant 1
WARNING: [Synth 8-7129] Port rsta in module xpm_memory_base is either unconnected or has no load
WARNING: [Synth 8-7129] Port regcea in module xpm_memory_base is either unconnected or has no load
WARNING: [Synth 8-7129] Port injectsbiterra in module xpm_memory_base is either unconnected or has no load
WARNING: [Synth 8-7129] Port injectdbiterra in module xpm_memory_base is either unconnected or has no load
WARNING: [Synth 8-7129] Port clkb in module xpm_memory_base is either unconnected or has no load
WARNING: [Synth 8-7129] Port dinb[24] in module xpm_memory_base is either unconnected or has no load
WARNING: [Synth 8-7129] Port dinb[23] in module xpm_memory_base is either unconnected or has no load
WARNING: [Synth 8-7129] Port dinb[22] in module xpm_memory_base is either unconnected or has no load
WARNING: [Synth 8-7129] Port dinb[21] in module xpm_memory_base is either unconnected or has no load
WARNING: [Synth 8-7129] Port dinb[20] in module xpm_memory_base is either unconnected or has no load
WARNING: [Synth 8-7129] Port dinb[19] in module xpm_memory_base is either unconnected or has no load
WARNING: [Synth 8-7129] Port dinb[18] in module xpm_memory_base is either unconnected or has no load
WARNING: [Synth 8-7129] Port dinb[17] in module xpm_memory_base is either unconnected or has no load
WARNING: [Synth 8-7129] Port dinb[16] in module xpm_memory_base is either unconnected or has no load
WARNING: [Synth 8-7129] Port dinb[15] in module xpm_memory_base is either unconnected or has no load
WARNING: [Synth 8-7129] Port dinb[14] in module xpm_memory_base is either unconnected or has no load
WARNING: [Synth 8-7129] Port dinb[13] in module xpm_memory_base is either unconnected or has no load
WARNING: [Synth 8-7129] Port dinb[12] in module xpm_memory_base is either unconnected or has no load
WARNING: [Synth 8-7129] Port dinb[11] in module xpm_memory_base is either unconnected or has no load
WARNING: [Synth 8-7129] Port dinb[10] in module xpm_memory_base is either unconnected or has no load
WARNING: [Synth 8-7129] Port dinb[9] in module xpm_memory_base is either unconnected or has no load
WARNING: [Synth 8-7129] Port dinb[8] in module xpm_memory_base is either unconnected or has no load
WARNING: [Synth 8-7129] Port dinb[7] in module xpm_memory_base is either unconnected or has no load
WARNING: [Synth 8-7129] Port dinb[6] in module xpm_memory_base is either unconnected or has no load
WARNING: [Synth 8-7129] Port dinb[5] in module xpm_memory_base is either unconnected or has no load
WARNING: [Synth 8-7129] Port dinb[4] in module xpm_memory_base is either unconnected or has no load
WARNING: [Synth 8-7129] Port dinb[3] in module xpm_memory_base is either unconnected or has no load
WARNING: [Synth 8-7129] Port dinb[2] in module xpm_memory_base is either unconnected or has no load
WARNING: [Synth 8-7129] Port dinb[1] in module xpm_memory_base is either unconnected or has no load
WARNING: [Synth 8-7129] Port dinb[0] in module xpm_memory_base is either unconnected or has no load
WARNING: [Synth 8-7129] Port injectsbiterrb in module xpm_memory_base is either unconnected or has no load
WARNING: [Synth 8-7129] Port injectdbiterrb in module xpm_memory_base is either unconnected or has no load
WARNING: [Synth 8-7129] Port m_aclk in module xpm_fifo_axis is either unconnected or has no load
---------------------------------------------------------------------------------
Finished Cross Boundary and Area Optimization : Time (s): cpu = 00:00:51 ; elapsed = 00:00:54 . Memory (MB): peak = 2094.082 ; gain = 655.363 ; free physical = 1726 ; free virtual = 4103
---------------------------------------------------------------------------------
---------------------------------------------------------------------------------
Start ROM, RAM, DSP, Shift Register and Retiming Reporting
---------------------------------------------------------------------------------

Block RAM: Preliminary Mapping Report (see note below)
+------------------------------------------------------------------------------------------------------------------------------+----------------------------------+------------------------+---+---+------------------------+---+---+------------------+--------+--------+
|Module Name                                                                                                                   | RTL Object                       | PORT A (Depth x Width) | W | R | PORT B (Depth x Width) | W | R | Ports driving FF | RAMB18 | RAMB36 | 
+------------------------------------------------------------------------------------------------------------------------------+----------------------------------+------------------------+---+---+------------------------+---+---+------------------+--------+--------+
|\inst/sw_axis_i/axis_data_fifo_tuser /\inst/gen_fifo.xpm_fifo_axis_inst /xpm_fifo_base_inst/\gen_sdpram.xpm_memory_base_inst  | gen_wr_a.gen_word_narrow.mem_reg | 64 x 25(READ_FIRST)    | W |   | 64 x 25(WRITE_FIRST)   |   | R | Port A and B     | 1      | 0      | 
+------------------------------------------------------------------------------------------------------------------------------+----------------------------------+------------------------+---+---+------------------------+---+---+------------------+--------+--------+

Note: The table above is a preliminary report that shows the Block RAMs at the current stage of the synthesis flow. Some Block RAMs may be reimplemented as non Block RAM primitives later in the synthesis flow. Multiple instantiated Block RAMs are reported only once. 
---------------------------------------------------------------------------------
Finished ROM, RAM, DSP, Shift Register and Retiming Reporting
---------------------------------------------------------------------------------
---------------------------------------------------------------------------------
Start Applying XDC Timing Constraints
---------------------------------------------------------------------------------
---------------------------------------------------------------------------------
Finished Applying XDC Timing Constraints : Time (s): cpu = 00:01:08 ; elapsed = 00:01:11 . Memory (MB): peak = 2128.082 ; gain = 689.363 ; free physical = 1763 ; free virtual = 4107
---------------------------------------------------------------------------------
---------------------------------------------------------------------------------
Start Timing Optimization
---------------------------------------------------------------------------------
---------------------------------------------------------------------------------
Finished Timing Optimization : Time (s): cpu = 00:01:08 ; elapsed = 00:01:11 . Memory (MB): peak = 2129.082 ; gain = 690.363 ; free physical = 1762 ; free virtual = 4107
---------------------------------------------------------------------------------
---------------------------------------------------------------------------------
Start ROM, RAM, DSP, Shift Register and Retiming Reporting
---------------------------------------------------------------------------------

Block RAM: Final Mapping Report
+------------------------------------------------------------------------------------------------------------------------------+----------------------------------+------------------------+---+---+------------------------+---+---+------------------+--------+--------+
|Module Name                                                                                                                   | RTL Object                       | PORT A (Depth x Width) | W | R | PORT B (Depth x Width) | W | R | Ports driving FF | RAMB18 | RAMB36 | 
+------------------------------------------------------------------------------------------------------------------------------+----------------------------------+------------------------+---+---+------------------------+---+---+------------------+--------+--------+
|\inst/sw_axis_i/axis_data_fifo_tuser /\inst/gen_fifo.xpm_fifo_axis_inst /xpm_fifo_base_inst/\gen_sdpram.xpm_memory_base_inst  | gen_wr_a.gen_word_narrow.mem_reg | 64 x 25(READ_FIRST)    | W |   | 64 x 25(WRITE_FIRST)   |   | R | Port A and B     | 1      | 0      | 
+------------------------------------------------------------------------------------------------------------------------------+----------------------------------+------------------------+---+---+------------------------+---+---+------------------+--------+--------+

---------------------------------------------------------------------------------
Finished ROM, RAM, DSP, Shift Register and Retiming Reporting
---------------------------------------------------------------------------------
---------------------------------------------------------------------------------
Start Technology Mapping
---------------------------------------------------------------------------------
---------------------------------------------------------------------------------
Finished Technology Mapping : Time (s): cpu = 00:01:09 ; elapsed = 00:01:12 . Memory (MB): peak = 2148.113 ; gain = 709.395 ; free physical = 1738 ; free virtual = 4083
---------------------------------------------------------------------------------
---------------------------------------------------------------------------------
Start IO Insertion
---------------------------------------------------------------------------------
---------------------------------------------------------------------------------
Start Flattening Before IO Insertion
---------------------------------------------------------------------------------
---------------------------------------------------------------------------------
Finished Flattening Before IO Insertion
---------------------------------------------------------------------------------
---------------------------------------------------------------------------------
Start Final Netlist Cleanup
---------------------------------------------------------------------------------
---------------------------------------------------------------------------------
Finished Final Netlist Cleanup
---------------------------------------------------------------------------------
---------------------------------------------------------------------------------
Finished IO Insertion : Time (s): cpu = 00:01:16 ; elapsed = 00:01:20 . Memory (MB): peak = 2300.926 ; gain = 862.207 ; free physical = 1570 ; free virtual = 3929
---------------------------------------------------------------------------------
---------------------------------------------------------------------------------
Start Renaming Generated Instances
---------------------------------------------------------------------------------
---------------------------------------------------------------------------------
Finished Renaming Generated Instances : Time (s): cpu = 00:01:16 ; elapsed = 00:01:20 . Memory (MB): peak = 2300.926 ; gain = 862.207 ; free physical = 1570 ; free virtual = 3929
---------------------------------------------------------------------------------
---------------------------------------------------------------------------------
Start Rebuilding User Hierarchy
---------------------------------------------------------------------------------
---------------------------------------------------------------------------------
Finished Rebuilding User Hierarchy : Time (s): cpu = 00:01:16 ; elapsed = 00:01:20 . Memory (MB): peak = 2300.926 ; gain = 862.207 ; free physical = 1569 ; free virtual = 3929
---------------------------------------------------------------------------------
---------------------------------------------------------------------------------
Start Renaming Generated Ports
---------------------------------------------------------------------------------
---------------------------------------------------------------------------------
Finished Renaming Generated Ports : Time (s): cpu = 00:01:16 ; elapsed = 00:01:20 . Memory (MB): peak = 2300.926 ; gain = 862.207 ; free physical = 1569 ; free virtual = 3929
---------------------------------------------------------------------------------
---------------------------------------------------------------------------------
Start Handling Custom Attributes
---------------------------------------------------------------------------------
---------------------------------------------------------------------------------
Finished Handling Custom Attributes : Time (s): cpu = 00:01:16 ; elapsed = 00:01:20 . Memory (MB): peak = 2303.895 ; gain = 865.176 ; free physical = 1557 ; free virtual = 3917
---------------------------------------------------------------------------------
---------------------------------------------------------------------------------
Start Renaming Generated Nets
---------------------------------------------------------------------------------
---------------------------------------------------------------------------------
Finished Renaming Generated Nets : Time (s): cpu = 00:01:16 ; elapsed = 00:01:20 . Memory (MB): peak = 2303.895 ; gain = 865.176 ; free physical = 1557 ; free virtual = 3917
---------------------------------------------------------------------------------
---------------------------------------------------------------------------------
Start ROM, RAM, DSP, Shift Register and Retiming Reporting
---------------------------------------------------------------------------------

Static Shift Register Report:
+-----------------------+---------------------------------------+--------+-------+--------------+--------------------+-------------------+--------+---------+
|Module Name            | RTL Name                              | Length | Width | Reset Signal | Pull out first Reg | Pull out last Reg | SRL16E | SRLC32E | 
+-----------------------+---------------------------------------+--------+-------+--------------+--------------------+-------------------+--------+---------+
|design_1_axis_gpio_0_0 | inst/sw_axis_i/prefix_buffer_reg[181] | 5      | 4     | YES          | NO                 | YES               | 4      | 0       | 
|design_1_axis_gpio_0_0 | inst/sw_axis_i/prefix_buffer_reg[113] | 4      | 2     | YES          | NO                 | YES               | 2      | 0       | 
|design_1_axis_gpio_0_0 | inst/sw_axis_i/prefix_buffer_reg[77]  | 7      | 1     | YES          | NO                 | YES               | 1      | 0       | 
|design_1_axis_gpio_0_0 | inst/sw_axis_i/prefix_buffer_reg[68]  | 12     | 1     | YES          | NO                 | YES               | 1      | 0       | 
|design_1_axis_gpio_0_0 | inst/sw_axis_i/prefix_buffer_reg[5]   | 8      | 1     | YES          | NO                 | YES               | 1      | 0       | 
+-----------------------+---------------------------------------+--------+-------+--------------+--------------------+-------------------+--------+---------+

---------------------------------------------------------------------------------
Finished ROM, RAM, DSP, Shift Register and Retiming Reporting
---------------------------------------------------------------------------------
---------------------------------------------------------------------------------
Start Writing Synthesis Report
---------------------------------------------------------------------------------

Report BlackBoxes: 
+-+--------------+----------+
| |BlackBox name |Instances |
+-+--------------+----------+
+-+--------------+----------+

Report Cell Usage: 
+------+---------+------+
|      |Cell     |Count |
+------+---------+------+
|1     |CARRY4   |    22|
|2     |LUT1     |     7|
|3     |LUT2     |   111|
|4     |LUT3     |    17|
|5     |LUT4     |    44|
|6     |LUT5     |    75|
|7     |LUT6     |   137|
|8     |RAMB18E1 |     1|
|9     |SRL16E   |     9|
|10    |FDRE     |   614|
|11    |FDSE     |     9|
+------+---------+------+
---------------------------------------------------------------------------------
Finished Writing Synthesis Report : Time (s): cpu = 00:01:16 ; elapsed = 00:01:20 . Memory (MB): peak = 2303.895 ; gain = 865.176 ; free physical = 1557 ; free virtual = 3917
---------------------------------------------------------------------------------
Synthesis finished with 0 errors, 0 critical warnings and 34 warnings.
Synthesis Optimization Runtime : Time (s): cpu = 00:01:13 ; elapsed = 00:01:17 . Memory (MB): peak = 2303.895 ; gain = 737.395 ; free physical = 1557 ; free virtual = 3916
Synthesis Optimization Complete : Time (s): cpu = 00:01:16 ; elapsed = 00:01:21 . Memory (MB): peak = 2303.902 ; gain = 865.176 ; free physical = 1557 ; free virtual = 3916
INFO: [Project 1-571] Translating synthesized netlist
Netlist sorting complete. Time (s): cpu = 00:00:00.02 ; elapsed = 00:00:00.01 . Memory (MB): peak = 2303.902 ; gain = 0.000 ; free physical = 1555 ; free virtual = 3915
INFO: [Netlist 29-17] Analyzing 23 Unisim elements for replacement
INFO: [Netlist 29-28] Unisim Transformation completed in 0 CPU seconds
INFO: [Project 1-570] Preparing netlist for logic optimization
INFO: [Opt 31-138] Pushed 0 inverter(s) to 0 load pin(s).
Netlist sorting complete. Time (s): cpu = 00:00:00 ; elapsed = 00:00:00.01 . Memory (MB): peak = 2359.922 ; gain = 0.000 ; free physical = 1715 ; free virtual = 4075
INFO: [Project 1-111] Unisim Transformation Summary:
No Unisim elements were transformed.

Synth Design complete | Checksum: a83d5439
INFO: [Common 17-83] Releasing license: Synthesis
70 Infos, 77 Warnings, 0 Critical Warnings and 0 Errors encountered.
synth_design completed successfully
synth_design: Time (s): cpu = 00:01:37 ; elapsed = 00:01:33 . Memory (MB): peak = 2359.922 ; gain = 939.113 ; free physical = 1715 ; free virtual = 4075
INFO: [Common 17-2834] synth_design peak Physical Memory [PSS] (MB): overall = 1674.273; main = 1456.427; forked = 244.759
INFO: [Common 17-2834] synth_design peak Virtual Memory [VSS] (MB): overall = 3213.516; main = 2359.922; forked = 909.621
Write ShapeDB Complete: Time (s): cpu = 00:00:00 ; elapsed = 00:00:00 . Memory (MB): peak = 2383.934 ; gain = 0.000 ; free physical = 1715 ; free virtual = 4075
INFO: [Common 17-1381] The checkpoint '/home/ericbreh/school/cse293-final-project/eth_project/eth_project.runs/design_1_axis_gpio_0_0_synth_1/design_1_axis_gpio_0_0.dcp' has been generated.
INFO: [Coretcl 2-1648] Added synthesis output to IP cache for IP design_1_axis_gpio_0_0, cache-ID = 31d2f2eb6655a4b4
INFO: [Coretcl 2-1174] Renamed 17 cell refs.
Write ShapeDB Complete: Time (s): cpu = 00:00:00.01 ; elapsed = 00:00:00 . Memory (MB): peak = 2383.934 ; gain = 0.000 ; free physical = 1714 ; free virtual = 4075
INFO: [Common 17-1381] The checkpoint '/home/ericbreh/school/cse293-final-project/eth_project/eth_project.runs/design_1_axis_gpio_0_0_synth_1/design_1_axis_gpio_0_0.dcp' has been generated.
INFO: [Vivado 12-24828] Executing command : report_utilization -file design_1_axis_gpio_0_0_utilization_synth.rpt -pb design_1_axis_gpio_0_0_utilization_synth.pb
INFO: [Common 17-206] Exiting Vivado at Wed Jan 29 10:33:00 2025...
