#-----------------------------------------------------------
# Vivado v2024.2 (64-bit)
# SW Build 5239630 on Fri Nov 08 22:34:34 MST 2024
# IP Build 5239520 on Sun Nov 10 16:12:51 MST 2024
# SharedData Build 5239561 on Fri Nov 08 14:39:27 MST 2024
# Start of session at: Thu Feb 13 15:55:38 2025
# Process ID         : 65906
# Current directory  : /home/ericbreh/Documents/school/cse293-final-project/eth_project
# Command line       : vivado
# Log file           : /home/ericbreh/Documents/school/cse293-final-project/eth_project/vivado.log
# Journal file       : /home/ericbreh/Documents/school/cse293-final-project/eth_project/vivado.jou
# Running On         : fedora
# Platform           : Fedora
# Operating System   : Fedora Linux 41 (Workstation Edition)
# Processor Detail   : Intel(R) Core(TM) i7-10610U CPU @ 1.80GHz
# CPU Frequency      : 2400.073 MHz
# CPU Physical cores : 4
# CPU Logical cores  : 8
# Host memory        : 16367 MB
# Swap memory        : 8589 MB
# Total Virtual      : 24957 MB
# Available Virtual  : 21119 MB
#-----------------------------------------------------------
start_gui
open_project /home/ericbreh/Documents/school/cse293-final-project/eth_project/eth_project.xpr
INFO: [Project 1-313] Project file moved from '/home/ericbreh/school/cse293-final-project/eth_project' since last save.
WARNING: [filemgmt 56-2] Board Part Repository Path: Could not find the directory '/home/ericbreh/Documents/.Xilinx/Vivado/2024.2.1/xhub/board_store/xilinx_board_store', nor could it be found using path '/home/ericbreh/.Xilinx/Vivado/2024.2.1/xhub/board_store/xilinx_board_store'.
WARNING: [filemgmt 56-2] IP Repository Path: Could not find the directory '/home/ericbreh/Documents/school/cse293-final-project/Toolbox/ip_repo', nor could it be found using path '/home/ericbreh/school/cse293-final-project/Toolbox/ip_repo'.
WARNING: [filemgmt 56-3] IPUserFilesDir: Could not find the directory '/home/ericbreh/Documents/school/cse293-final-project/eth_project/eth_project.ip_user_files'.
CRITICAL WARNING: [Project 1-311] Could not find the file '/home/ericbreh/Documents/school/cse293-final-project/Toolbox/utils/xdc/Nexys-A7-100T-Master.xdc', nor could it be found using path '/home/ericbreh/school/cse293-final-project/Toolbox/utils/xdc/Nexys-A7-100T-Master.xdc'.
Scanning sources...
Finished scanning sources
INFO: [IP_Flow 19-234] Refreshing IP repositories
WARNING: [IP_Flow 19-2248] Failed to load user IP repository '/home/ericbreh/Documents/school/cse293-final-project/Toolbox/ip_repo'; Can't find the specified path.
If this directory should no longer be in your list of user repositories, go to the IP Settings dialog and remove it.
INFO: [IP_Flow 19-2313] Loaded Vivado IP repository '/home/ericbreh/Utils/Xilinx/Vivado/2024.2/data/ip'.
WARNING: [BD 41-1661] One or more IPs have been locked in the design 'design_1.bd'. Please run report_ip_status for more details and recommendations on how to fix this issue.
List of locked IPs:
design_1_axis_uart_0_0
design_1_axis_snoop_debug_0_0
design_1_axis_gpio_0_0
design_1_rmii_axis_0_0

open_project: Time (s): cpu = 00:00:16 ; elapsed = 00:00:05 . Memory (MB): peak = 8053.918 ; gain = 368.352 ; free physical = 1030 ; free virtual = 19187
update_compile_order -fileset sources_1
exit
INFO: [Common 17-206] Exiting Vivado at Thu Feb 13 15:57:17 2025...
