
*** Running vivado
    with args -log design_1_wrapper.vdi -applog -m64 -product Vivado -messageDb vivado.pb -mode batch -source design_1_wrapper.tcl -notrace


****** Vivado v2024.2 (64-bit)
  **** SW Build 5239630 on Fri Nov 08 22:34:34 MST 2024
  **** IP Build 5239520 on Sun Nov 10 16:12:51 MST 2024
  **** SharedData Build 5239561 on Fri Nov 08 14:39:27 MST 2024
  **** Start of session at: Thu Feb 13 16:54:16 2025
    ** Copyright 1986-2022 Xilinx, Inc. All Rights Reserved.
    ** Copyright 2022-2024 Advanced Micro Devices, Inc. All Rights Reserved.

source design_1_wrapper.tcl -notrace
INFO: [IP_Flow 19-234] Refreshing IP repositories
INFO: [IP_Flow 19-1700] Loaded user IP repository '/home/ericbreh/Documents/school/cse293-final-project/third_party/HDLForBeginners_Toolbox/ip_repo'.
INFO: [IP_Flow 19-2313] Loaded Vivado IP repository '/home/ericbreh/Utils/Xilinx/Vivado/2024.2/data/ip'.
Command: link_design -top design_1_wrapper -part xc7a100tcsg324-1
Design is defaulting to srcset: sources_1
Design is defaulting to constrset: constrs_1
INFO: [Device 21-403] Loading part xc7a100tcsg324-1
INFO: [Project 1-454] Reading design checkpoint '/home/ericbreh/Documents/school/cse293-final-project/block-diagram-example/block-diagram-example.gen/sources_1/bd/design_1/ip/design_1_axis_gpio_0_0/design_1_axis_gpio_0_0.dcp' for cell 'design_1_i/axis_gpio_0'
INFO: [Project 1-454] Reading design checkpoint '/home/ericbreh/Documents/school/cse293-final-project/block-diagram-example/block-diagram-example.gen/sources_1/bd/design_1/ip/design_1_axis_snoop_debug_0_0/design_1_axis_snoop_debug_0_0.dcp' for cell 'design_1_i/axis_snoop_debug_0'
INFO: [Project 1-454] Reading design checkpoint '/home/ericbreh/Documents/school/cse293-final-project/block-diagram-example/block-diagram-example.gen/sources_1/bd/design_1/ip/design_1_axis_uart_0_0/design_1_axis_uart_0_0.dcp' for cell 'design_1_i/axis_uart_0'
INFO: [Project 1-454] Reading design checkpoint '/home/ericbreh/Documents/school/cse293-final-project/block-diagram-example/block-diagram-example.gen/sources_1/bd/design_1/ip/design_1_clk_wiz_0_0/design_1_clk_wiz_0_0.dcp' for cell 'design_1_i/clk_wiz_0'
INFO: [Project 1-454] Reading design checkpoint '/home/ericbreh/Documents/school/cse293-final-project/block-diagram-example/block-diagram-example.gen/sources_1/bd/design_1/ip/design_1_proc_sys_reset_0_0/design_1_proc_sys_reset_0_0.dcp' for cell 'design_1_i/proc_sys_reset_0'
INFO: [Project 1-454] Reading design checkpoint '/home/ericbreh/Documents/school/cse293-final-project/block-diagram-example/block-diagram-example.gen/sources_1/bd/design_1/ip/design_1_rmii_axis_0_0/design_1_rmii_axis_0_0.dcp' for cell 'design_1_i/rmii_axis_0'
Netlist sorting complete. Time (s): cpu = 00:00:00.01 ; elapsed = 00:00:00.02 . Memory (MB): peak = 1769.133 ; gain = 0.000 ; free physical = 5281 ; free virtual = 17949
INFO: [Netlist 29-17] Analyzing 187 Unisim elements for replacement
INFO: [Netlist 29-28] Unisim Transformation completed in 0 CPU seconds
INFO: [Project 1-479] Netlist was created with Vivado 2024.2
INFO: [Project 1-570] Preparing netlist for logic optimization
Parsing XDC File [/home/ericbreh/Documents/school/cse293-final-project/block-diagram-example/block-diagram-example.gen/sources_1/bd/design_1/ip/design_1_rmii_axis_0_0/src/data_fifo/data_fifo.xdc] for cell 'design_1_i/rmii_axis_0/inst/packet_gen_i/data_fifo_i/U0'
Finished Parsing XDC File [/home/ericbreh/Documents/school/cse293-final-project/block-diagram-example/block-diagram-example.gen/sources_1/bd/design_1/ip/design_1_rmii_axis_0_0/src/data_fifo/data_fifo.xdc] for cell 'design_1_i/rmii_axis_0/inst/packet_gen_i/data_fifo_i/U0'
Parsing XDC File [/home/ericbreh/Documents/school/cse293-final-project/block-diagram-example/block-diagram-example.gen/sources_1/bd/design_1/ip/design_1_clk_wiz_0_0/design_1_clk_wiz_0_0_board.xdc] for cell 'design_1_i/clk_wiz_0/inst'
Finished Parsing XDC File [/home/ericbreh/Documents/school/cse293-final-project/block-diagram-example/block-diagram-example.gen/sources_1/bd/design_1/ip/design_1_clk_wiz_0_0/design_1_clk_wiz_0_0_board.xdc] for cell 'design_1_i/clk_wiz_0/inst'
Parsing XDC File [/home/ericbreh/Documents/school/cse293-final-project/block-diagram-example/block-diagram-example.gen/sources_1/bd/design_1/ip/design_1_clk_wiz_0_0/design_1_clk_wiz_0_0.xdc] for cell 'design_1_i/clk_wiz_0/inst'
INFO: [Timing 38-35] Done setting XDC timing constraints. [/home/ericbreh/Documents/school/cse293-final-project/block-diagram-example/block-diagram-example.gen/sources_1/bd/design_1/ip/design_1_clk_wiz_0_0/design_1_clk_wiz_0_0.xdc:54]
INFO: [Timing 38-2] Deriving generated clocks [/home/ericbreh/Documents/school/cse293-final-project/block-diagram-example/block-diagram-example.gen/sources_1/bd/design_1/ip/design_1_clk_wiz_0_0/design_1_clk_wiz_0_0.xdc:54]
get_clocks: Time (s): cpu = 00:00:06 ; elapsed = 00:00:06 . Memory (MB): peak = 2620.488 ; gain = 642.797 ; free physical = 4718 ; free virtual = 17401
Finished Parsing XDC File [/home/ericbreh/Documents/school/cse293-final-project/block-diagram-example/block-diagram-example.gen/sources_1/bd/design_1/ip/design_1_clk_wiz_0_0/design_1_clk_wiz_0_0.xdc] for cell 'design_1_i/clk_wiz_0/inst'
Parsing XDC File [/home/ericbreh/Documents/school/cse293-final-project/block-diagram-example/block-diagram-example.gen/sources_1/bd/design_1/ip/design_1_proc_sys_reset_0_0/design_1_proc_sys_reset_0_0_board.xdc] for cell 'design_1_i/proc_sys_reset_0/U0'
Finished Parsing XDC File [/home/ericbreh/Documents/school/cse293-final-project/block-diagram-example/block-diagram-example.gen/sources_1/bd/design_1/ip/design_1_proc_sys_reset_0_0/design_1_proc_sys_reset_0_0_board.xdc] for cell 'design_1_i/proc_sys_reset_0/U0'
Parsing XDC File [/home/ericbreh/Documents/school/cse293-final-project/block-diagram-example/block-diagram-example.gen/sources_1/bd/design_1/ip/design_1_proc_sys_reset_0_0/design_1_proc_sys_reset_0_0.xdc] for cell 'design_1_i/proc_sys_reset_0/U0'
Finished Parsing XDC File [/home/ericbreh/Documents/school/cse293-final-project/block-diagram-example/block-diagram-example.gen/sources_1/bd/design_1/ip/design_1_proc_sys_reset_0_0/design_1_proc_sys_reset_0_0.xdc] for cell 'design_1_i/proc_sys_reset_0/U0'
Parsing XDC File [/home/ericbreh/Documents/school/cse293-final-project/block-diagram-example/block-diagram-example.gen/sources_1/bd/design_1/ip/design_1_axis_uart_0_0/src/tx_fifo/tx_fifo.xdc] for cell 'design_1_i/axis_uart_0/inst/tx_data_fifo_i/U0'
Finished Parsing XDC File [/home/ericbreh/Documents/school/cse293-final-project/block-diagram-example/block-diagram-example.gen/sources_1/bd/design_1/ip/design_1_axis_uart_0_0/src/tx_fifo/tx_fifo.xdc] for cell 'design_1_i/axis_uart_0/inst/tx_data_fifo_i/U0'
Parsing XDC File [/home/ericbreh/Documents/school/cse293-final-project/synth/vivado_nexysa7/Nexys-A7-100T-Master.xdc]
Finished Parsing XDC File [/home/ericbreh/Documents/school/cse293-final-project/synth/vivado_nexysa7/Nexys-A7-100T-Master.xdc]
INFO: [Project 1-1714] 7 XPM XDC files have been applied to the design.
INFO: [Opt 31-138] Pushed 0 inverter(s) to 0 load pin(s).
Netlist sorting complete. Time (s): cpu = 00:00:00 ; elapsed = 00:00:00 . Memory (MB): peak = 2620.488 ; gain = 0.000 ; free physical = 4717 ; free virtual = 17399
INFO: [Project 1-111] Unisim Transformation Summary:
No Unisim elements were transformed.

19 Infos, 0 Warnings, 0 Critical Warnings and 0 Errors encountered.
link_design completed successfully
link_design: Time (s): cpu = 00:00:10 ; elapsed = 00:00:10 . Memory (MB): peak = 2620.488 ; gain = 949.668 ; free physical = 4717 ; free virtual = 17399
Command: opt_design
Attempting to get a license for feature 'Implementation' and/or device 'xc7a100t'
INFO: [Common 17-349] Got license for feature 'Implementation' and/or device 'xc7a100t'
Running DRC as a precondition to command opt_design

Starting DRC Task
INFO: [DRC 23-27] Running DRC with 8 threads
INFO: [Project 1-461] DRC finished with 0 Errors
INFO: [Project 1-462] Please refer to the DRC report (report_drc) for more information.

Time (s): cpu = 00:00:03 ; elapsed = 00:00:00.82 . Memory (MB): peak = 2664.418 ; gain = 43.930 ; free physical = 4639 ; free virtual = 17324

Starting Cache Timing Information Task
INFO: [Timing 38-35] Done setting XDC timing constraints.
Ending Cache Timing Information Task | Checksum: 2b5ad3d12

Time (s): cpu = 00:00:00.31 ; elapsed = 00:00:00.12 . Memory (MB): peak = 2664.418 ; gain = 0.000 ; free physical = 4639 ; free virtual = 17324

Starting Logic Optimization Task

Phase 1 Initialization

Phase 1.1 Core Generation And Design Setup
Phase 1.1 Core Generation And Design Setup | Checksum: 2b5ad3d12

Time (s): cpu = 00:00:00 ; elapsed = 00:00:00.01 . Memory (MB): peak = 2948.316 ; gain = 0.000 ; free physical = 4347 ; free virtual = 17030

Phase 1.2 Setup Constraints And Sort Netlist
Phase 1.2 Setup Constraints And Sort Netlist | Checksum: 2b5ad3d12

Time (s): cpu = 00:00:00.01 ; elapsed = 00:00:00.01 . Memory (MB): peak = 2948.316 ; gain = 0.000 ; free physical = 4347 ; free virtual = 17030
Phase 1 Initialization | Checksum: 2b5ad3d12

Time (s): cpu = 00:00:00.01 ; elapsed = 00:00:00.01 . Memory (MB): peak = 2948.316 ; gain = 0.000 ; free physical = 4347 ; free virtual = 17030

Phase 2 Timer Update And Timing Data Collection

Phase 2.1 Timer Update
Phase 2.1 Timer Update | Checksum: 2b5ad3d12

Time (s): cpu = 00:00:00.5 ; elapsed = 00:00:00.1 . Memory (MB): peak = 2948.316 ; gain = 0.000 ; free physical = 4347 ; free virtual = 17030

Phase 2.2 Timing Data Collection
Phase 2.2 Timing Data Collection | Checksum: 2b5ad3d12

Time (s): cpu = 00:00:00.51 ; elapsed = 00:00:00.11 . Memory (MB): peak = 2948.316 ; gain = 0.000 ; free physical = 4347 ; free virtual = 17030
Phase 2 Timer Update And Timing Data Collection | Checksum: 2b5ad3d12

Time (s): cpu = 00:00:00.51 ; elapsed = 00:00:00.11 . Memory (MB): peak = 2948.316 ; gain = 0.000 ; free physical = 4347 ; free virtual = 17030

Phase 3 Retarget
INFO: [Opt 31-1851] Number of loadless carry chains removed were: 0
INFO: [Opt 31-1834] Total Chains To Be Transformed Were: 0 AND Number of Transformed insts Created are: 0
INFO: [Opt 31-1566] Pulled 1 inverters resulting in an inversion of 9 pins
INFO: [Opt 31-138] Pushed 1 inverter(s) to 2 load pin(s).
INFO: [Opt 31-49] Retargeted 0 cell(s).
Phase 3 Retarget | Checksum: 26f7745c9

Time (s): cpu = 00:00:00.7 ; elapsed = 00:00:00.2 . Memory (MB): peak = 2948.316 ; gain = 0.000 ; free physical = 4347 ; free virtual = 17030
Retarget | Checksum: 26f7745c9
INFO: [Opt 31-389] Phase Retarget created 26 cells and removed 67 cells
INFO: [Opt 31-1021] In phase Retarget, 24 netlist objects are constrained preventing optimization. Please run opt_design with -debug_log to get more detail. 

Phase 4 Constant propagation
INFO: [Opt 31-138] Pushed 0 inverter(s) to 0 load pin(s).
Phase 4 Constant propagation | Checksum: 29c84d28e

Time (s): cpu = 00:00:00.74 ; elapsed = 00:00:00.25 . Memory (MB): peak = 2948.316 ; gain = 0.000 ; free physical = 4347 ; free virtual = 17030
Constant propagation | Checksum: 29c84d28e
INFO: [Opt 31-389] Phase Constant propagation created 35 cells and removed 50 cells
INFO: [Opt 31-1021] In phase Constant propagation, 23 netlist objects are constrained preventing optimization. Please run opt_design with -debug_log to get more detail. 

Phase 5 Sweep
INFO: [Constraints 18-11670] Building netlist checker database with flags, 0x8
Done building netlist checker database: Time (s): cpu = 00:00:00 ; elapsed = 00:00:00 . Memory (MB): peak = 2948.316 ; gain = 0.000 ; free physical = 4347 ; free virtual = 17030
INFO: [Constraints 18-11670] Building netlist checker database with flags, 0x8
Done building netlist checker database: Time (s): cpu = 00:00:00 ; elapsed = 00:00:00 . Memory (MB): peak = 2948.316 ; gain = 0.000 ; free physical = 4347 ; free virtual = 17030
Phase 5 Sweep | Checksum: 2317a52ac

Time (s): cpu = 00:00:00.82 ; elapsed = 00:00:00.33 . Memory (MB): peak = 2948.316 ; gain = 0.000 ; free physical = 4347 ; free virtual = 17030
Sweep | Checksum: 2317a52ac
INFO: [Opt 31-389] Phase Sweep created 8 cells and removed 159 cells
INFO: [Opt 31-1021] In phase Sweep, 58 netlist objects are constrained preventing optimization. Please run opt_design with -debug_log to get more detail. 

Phase 6 BUFG optimization
Phase 6 BUFG optimization | Checksum: 2317a52ac

Time (s): cpu = 00:00:00.87 ; elapsed = 00:00:00.36 . Memory (MB): peak = 3012.332 ; gain = 64.016 ; free physical = 4348 ; free virtual = 17033
BUFG optimization | Checksum: 2317a52ac
INFO: [Opt 31-662] Phase BUFG optimization created 0 cells of which 0 are BUFGs and removed 0 cells.

Phase 7 Shift Register Optimization
INFO: [Opt 31-1064] SRL Remap converted 0 SRLs to 0 registers and converted 0 registers of register chains to 0 SRLs
Phase 7 Shift Register Optimization | Checksum: 2992895bf

Time (s): cpu = 00:00:00.88 ; elapsed = 00:00:00.37 . Memory (MB): peak = 3012.332 ; gain = 64.016 ; free physical = 4348 ; free virtual = 17033
Shift Register Optimization | Checksum: 2992895bf
INFO: [Opt 31-389] Phase Shift Register Optimization created 0 cells and removed 0 cells

Phase 8 Post Processing Netlist
Phase 8 Post Processing Netlist | Checksum: 2502e67b3

Time (s): cpu = 00:00:00.89 ; elapsed = 00:00:00.38 . Memory (MB): peak = 3012.332 ; gain = 64.016 ; free physical = 4348 ; free virtual = 17033
Post Processing Netlist | Checksum: 2502e67b3
INFO: [Opt 31-389] Phase Post Processing Netlist created 0 cells and removed 0 cells
INFO: [Opt 31-1021] In phase Post Processing Netlist, 29 netlist objects are constrained preventing optimization. Please run opt_design with -debug_log to get more detail. 

Phase 9 Finalization

Phase 9.1 Finalizing Design Cores and Updating Shapes
Phase 9.1 Finalizing Design Cores and Updating Shapes | Checksum: 266856742

Time (s): cpu = 00:00:01 ; elapsed = 00:00:00.47 . Memory (MB): peak = 3012.332 ; gain = 64.016 ; free physical = 4348 ; free virtual = 17033

Phase 9.2 Verifying Netlist Connectivity

Starting Connectivity Check Task

Time (s): cpu = 00:00:00.01 ; elapsed = 00:00:00 . Memory (MB): peak = 3012.332 ; gain = 0.000 ; free physical = 4348 ; free virtual = 17033
Phase 9.2 Verifying Netlist Connectivity | Checksum: 266856742

Time (s): cpu = 00:00:01 ; elapsed = 00:00:00.48 . Memory (MB): peak = 3012.332 ; gain = 64.016 ; free physical = 4348 ; free virtual = 17033
Phase 9 Finalization | Checksum: 266856742

Time (s): cpu = 00:00:01 ; elapsed = 00:00:00.48 . Memory (MB): peak = 3012.332 ; gain = 64.016 ; free physical = 4348 ; free virtual = 17033
Opt_design Change Summary
=========================


-------------------------------------------------------------------------------------------------------------------------
|  Phase                        |  #Cells created  |  #Cells Removed  |  #Constrained objects preventing optimizations  |
-------------------------------------------------------------------------------------------------------------------------
|  Retarget                     |              26  |              67  |                                             24  |
|  Constant propagation         |              35  |              50  |                                             23  |
|  Sweep                        |               8  |             159  |                                             58  |
|  BUFG optimization            |               0  |               0  |                                              0  |
|  Shift Register Optimization  |               0  |               0  |                                              0  |
|  Post Processing Netlist      |               0  |               0  |                                             29  |
-------------------------------------------------------------------------------------------------------------------------


Ending Logic Optimization Task | Checksum: 266856742

Time (s): cpu = 00:00:01 ; elapsed = 00:00:00.48 . Memory (MB): peak = 3012.332 ; gain = 64.016 ; free physical = 4348 ; free virtual = 17033

Starting Power Optimization Task
INFO: [Pwropt 34-132] Skipping clock gating for clocks with a period < 2.00 ns.
INFO: [Timing 38-35] Done setting XDC timing constraints.
Running Vector-less Activity Propagation...

Finished Running Vector-less Activity Propagation
INFO: [Pwropt 34-9] Applying IDT optimizations ...
INFO: [Pwropt 34-10] Applying ODC optimizations ...


Starting PowerOpt Patch Enables Task
INFO: [Pwropt 34-162] WRITE_MODE attribute of 2 BRAM(s) out of a total of 9 has been updated to save power. Run report_power_opt to get a complete listing of the BRAMs updated.
INFO: [Timing 38-35] Done setting XDC timing constraints.
INFO: [Pwropt 34-201] Structural ODC has moved 1 WE to EN ports
Number of BRAM Ports augmented: 8 newly gated: 1 Total Ports: 18
Ending PowerOpt Patch Enables Task | Checksum: 236cb92d3

Time (s): cpu = 00:00:00.29 ; elapsed = 00:00:00.13 . Memory (MB): peak = 3441.301 ; gain = 0.000 ; free physical = 4204 ; free virtual = 16894
Ending Power Optimization Task | Checksum: 236cb92d3

Time (s): cpu = 00:00:02 ; elapsed = 00:00:01 . Memory (MB): peak = 3441.301 ; gain = 428.969 ; free physical = 4204 ; free virtual = 16894

Starting Final Cleanup Task

Starting Logic Optimization Task
INFO: [Timing 38-35] Done setting XDC timing constraints.
Ending Logic Optimization Task | Checksum: 24589f72e

Time (s): cpu = 00:00:00.69 ; elapsed = 00:00:00.21 . Memory (MB): peak = 3441.301 ; gain = 0.000 ; free physical = 4200 ; free virtual = 16890
Ending Final Cleanup Task | Checksum: 24589f72e

Time (s): cpu = 00:00:03 ; elapsed = 00:00:03 . Memory (MB): peak = 3441.301 ; gain = 0.000 ; free physical = 4200 ; free virtual = 16890

Starting Netlist Obfuscation Task
Netlist sorting complete. Time (s): cpu = 00:00:00.01 ; elapsed = 00:00:00 . Memory (MB): peak = 3441.301 ; gain = 0.000 ; free physical = 4200 ; free virtual = 16890
Ending Netlist Obfuscation Task | Checksum: 24589f72e

Time (s): cpu = 00:00:00.02 ; elapsed = 00:00:00 . Memory (MB): peak = 3441.301 ; gain = 0.000 ; free physical = 4200 ; free virtual = 16890
INFO: [Common 17-83] Releasing license: Implementation
52 Infos, 0 Warnings, 0 Critical Warnings and 0 Errors encountered.
opt_design completed successfully
opt_design: Time (s): cpu = 00:00:13 ; elapsed = 00:00:08 . Memory (MB): peak = 3441.301 ; gain = 820.812 ; free physical = 4200 ; free virtual = 16890
INFO: [Vivado 12-24828] Executing command : report_drc -file design_1_wrapper_drc_opted.rpt -pb design_1_wrapper_drc_opted.pb -rpx design_1_wrapper_drc_opted.rpx
Command: report_drc -file design_1_wrapper_drc_opted.rpt -pb design_1_wrapper_drc_opted.pb -rpx design_1_wrapper_drc_opted.rpx
INFO: [IP_Flow 19-1839] IP Catalog is up to date.
INFO: [DRC 23-27] Running DRC with 8 threads
INFO: [Vivado_Tcl 2-168] The results of DRC are in file /home/ericbreh/Documents/school/cse293-final-project/block-diagram-example/block-diagram-example.runs/impl_1/design_1_wrapper_drc_opted.rpt.
report_drc completed successfully
INFO: [Timing 38-35] Done setting XDC timing constraints.
INFO: [Timing 38-480] Writing timing data to binary archive.
Wrote PlaceDB: Time (s): cpu = 00:00:00.02 ; elapsed = 00:00:00 . Memory (MB): peak = 3441.301 ; gain = 0.000 ; free physical = 4169 ; free virtual = 16864
Wrote PulsedLatchDB: Time (s): cpu = 00:00:00 ; elapsed = 00:00:00 . Memory (MB): peak = 3441.301 ; gain = 0.000 ; free physical = 4169 ; free virtual = 16864
Writing XDEF routing.
Write ShapeDB Complete: Time (s): cpu = 00:00:00.04 ; elapsed = 00:00:00.01 . Memory (MB): peak = 3441.301 ; gain = 0.000 ; free physical = 4169 ; free virtual = 16864
Writing XDEF routing logical nets.
Writing XDEF routing special nets.
Wrote RouteStorage: Time (s): cpu = 00:00:00.15 ; elapsed = 00:00:00.04 . Memory (MB): peak = 3441.301 ; gain = 0.000 ; free physical = 4169 ; free virtual = 16864
Wrote Netlist Cache: Time (s): cpu = 00:00:00 ; elapsed = 00:00:00 . Memory (MB): peak = 3441.301 ; gain = 0.000 ; free physical = 4169 ; free virtual = 16864
Wrote Device Cache: Time (s): cpu = 00:00:00.03 ; elapsed = 00:00:00.01 . Memory (MB): peak = 3441.301 ; gain = 0.000 ; free physical = 4169 ; free virtual = 16864
Write Physdb Complete: Time (s): cpu = 00:00:00.22 ; elapsed = 00:00:00.06 . Memory (MB): peak = 3441.301 ; gain = 0.000 ; free physical = 4169 ; free virtual = 16864
INFO: [Common 17-1381] The checkpoint '/home/ericbreh/Documents/school/cse293-final-project/block-diagram-example/block-diagram-example.runs/impl_1/design_1_wrapper_opt.dcp' has been generated.
Command: place_design
Attempting to get a license for feature 'Implementation' and/or device 'xc7a100t'
INFO: [Common 17-349] Got license for feature 'Implementation' and/or device 'xc7a100t'
INFO: [Common 17-83] Releasing license: Implementation
INFO: [DRC 23-27] Running DRC with 8 threads
INFO: [Vivado_Tcl 4-198] DRC finished with 0 Errors
INFO: [Vivado_Tcl 4-199] Please refer to the DRC report (report_drc) for more information.
Running DRC as a precondition to command place_design
INFO: [DRC 23-27] Running DRC with 8 threads
INFO: [Vivado_Tcl 4-198] DRC finished with 0 Errors
INFO: [Vivado_Tcl 4-199] Please refer to the DRC report (report_drc) for more information.
INFO: [Place 30-611] Multithreading enabled for place_design using a maximum of 8 CPUs

Starting Placer Task

Phase 1 Placer Initialization

Phase 1.1 Placer Initialization Netlist Sorting
Netlist sorting complete. Time (s): cpu = 00:00:00 ; elapsed = 00:00:00 . Memory (MB): peak = 3441.301 ; gain = 0.000 ; free physical = 4141 ; free virtual = 16844
Phase 1.1 Placer Initialization Netlist Sorting | Checksum: 149a448cf

Time (s): cpu = 00:00:00.01 ; elapsed = 00:00:00.01 . Memory (MB): peak = 3441.301 ; gain = 0.000 ; free physical = 4141 ; free virtual = 16844
Netlist sorting complete. Time (s): cpu = 00:00:00 ; elapsed = 00:00:00.01 . Memory (MB): peak = 3441.301 ; gain = 0.000 ; free physical = 4141 ; free virtual = 16844

Phase 1.2 IO Placement/ Clock Placement/ Build Placer Device
Phase 1.2 IO Placement/ Clock Placement/ Build Placer Device | Checksum: 12d976195

Time (s): cpu = 00:00:02 ; elapsed = 00:00:00.51 . Memory (MB): peak = 3441.301 ; gain = 0.000 ; free physical = 4143 ; free virtual = 16839

Phase 1.3 Build Placer Netlist Model
Phase 1.3 Build Placer Netlist Model | Checksum: 15202457e

Time (s): cpu = 00:00:05 ; elapsed = 00:00:02 . Memory (MB): peak = 3441.301 ; gain = 0.000 ; free physical = 4132 ; free virtual = 16841

Phase 1.4 Constrain Clocks/Macros
Phase 1.4 Constrain Clocks/Macros | Checksum: 15202457e

Time (s): cpu = 00:00:05 ; elapsed = 00:00:02 . Memory (MB): peak = 3441.301 ; gain = 0.000 ; free physical = 4132 ; free virtual = 16841
Phase 1 Placer Initialization | Checksum: 15202457e

Time (s): cpu = 00:00:05 ; elapsed = 00:00:02 . Memory (MB): peak = 3441.301 ; gain = 0.000 ; free physical = 4132 ; free virtual = 16841

Phase 2 Global Placement

Phase 2.1 Floorplanning
Phase 2.1 Floorplanning | Checksum: 218b9b409

Time (s): cpu = 00:00:06 ; elapsed = 00:00:02 . Memory (MB): peak = 3441.301 ; gain = 0.000 ; free physical = 4163 ; free virtual = 16872

Phase 2.2 Update Timing before SLR Path Opt
Phase 2.2 Update Timing before SLR Path Opt | Checksum: 2220a4ad0

Time (s): cpu = 00:00:07 ; elapsed = 00:00:02 . Memory (MB): peak = 3441.301 ; gain = 0.000 ; free physical = 4163 ; free virtual = 16872

Phase 2.3 Post-Processing in Floorplanning
Phase 2.3 Post-Processing in Floorplanning | Checksum: 2220a4ad0

Time (s): cpu = 00:00:07 ; elapsed = 00:00:02 . Memory (MB): peak = 3441.301 ; gain = 0.000 ; free physical = 4163 ; free virtual = 16872

Phase 2.4 Global Place Phase1
Phase 2.4 Global Place Phase1 | Checksum: 1bcacd9e4

Time (s): cpu = 00:00:18 ; elapsed = 00:00:05 . Memory (MB): peak = 3441.301 ; gain = 0.000 ; free physical = 4211 ; free virtual = 16900

Phase 2.5 Global Place Phase2

Phase 2.5.1 UpdateTiming Before Physical Synthesis
Phase 2.5.1 UpdateTiming Before Physical Synthesis | Checksum: 1bcacd9e4

Time (s): cpu = 00:00:18 ; elapsed = 00:00:05 . Memory (MB): peak = 3441.301 ; gain = 0.000 ; free physical = 4211 ; free virtual = 16900

Phase 2.5.2 Physical Synthesis In Placer
INFO: [Physopt 32-1035] Found 0 LUTNM shape to break, 107 LUT instances to create LUTNM shape
INFO: [Physopt 32-1044] Break lutnm for timing: one critical 0, two critical 0, total 0, new lutff created 0
INFO: [Physopt 32-1138] End 1 Pass. Optimized 37 nets or LUTs. Breaked 0 LUT, combined 37 existing LUTs and moved 0 existing LUT
INFO: [Physopt 32-65] No nets found for high-fanout optimization.
INFO: [Physopt 32-232] Optimized 0 net. Created 0 new instance.
INFO: [Physopt 32-775] End 1 Pass. Optimized 0 net or cell. Created 0 new cell, deleted 0 existing cell and moved 0 existing cell
INFO: [Physopt 32-670] No setup violation found.  DSP Register Optimization was not performed.
INFO: [Physopt 32-670] No setup violation found.  Shift Register to Pipeline Optimization was not performed.
INFO: [Physopt 32-670] No setup violation found.  Shift Register Optimization was not performed.
INFO: [Physopt 32-670] No setup violation found.  BRAM Register Optimization was not performed.
INFO: [Physopt 32-670] No setup violation found.  URAM Register Optimization was not performed.
INFO: [Physopt 32-949] No candidate nets found for dynamic/static region interface net replication
INFO: [Physopt 32-775] End 1 Pass. Optimized 0 net or cell. Created 0 new cell, deleted 0 existing cell and moved 0 existing cell
Netlist sorting complete. Time (s): cpu = 00:00:00 ; elapsed = 00:00:00 . Memory (MB): peak = 3441.301 ; gain = 0.000 ; free physical = 4204 ; free virtual = 16896

Summary of Physical Synthesis Optimizations
============================================


-----------------------------------------------------------------------------------------------------------------------------------------------------------
|  Optimization                                     |  Added Cells  |  Removed Cells  |  Optimized Cells/Nets  |  Dont Touch  |  Iterations  |  Elapsed   |
-----------------------------------------------------------------------------------------------------------------------------------------------------------
|  LUT Combining                                    |            0  |             37  |                    37  |           0  |           1  |  00:00:00  |
|  Retime                                           |            0  |              0  |                     0  |           0  |           1  |  00:00:00  |
|  Very High Fanout                                 |            0  |              0  |                     0  |           0  |           1  |  00:00:00  |
|  DSP Register                                     |            0  |              0  |                     0  |           0  |           0  |  00:00:00  |
|  Shift Register to Pipeline                       |            0  |              0  |                     0  |           0  |           0  |  00:00:00  |
|  Shift Register                                   |            0  |              0  |                     0  |           0  |           0  |  00:00:00  |
|  BRAM Register                                    |            0  |              0  |                     0  |           0  |           0  |  00:00:00  |
|  URAM Register                                    |            0  |              0  |                     0  |           0  |           0  |  00:00:00  |
|  Dynamic/Static Region Interface Net Replication  |            0  |              0  |                     0  |           0  |           1  |  00:00:00  |
|  Total                                            |            0  |             37  |                    37  |           0  |           4  |  00:00:00  |
-----------------------------------------------------------------------------------------------------------------------------------------------------------


Phase 2.5.2 Physical Synthesis In Placer | Checksum: 1c44c48dc

Time (s): cpu = 00:00:19 ; elapsed = 00:00:05 . Memory (MB): peak = 3441.301 ; gain = 0.000 ; free physical = 4195 ; free virtual = 16896
Phase 2.5 Global Place Phase2 | Checksum: 2718d3176

Time (s): cpu = 00:00:21 ; elapsed = 00:00:06 . Memory (MB): peak = 3441.301 ; gain = 0.000 ; free physical = 4194 ; free virtual = 16895
Phase 2 Global Placement | Checksum: 2718d3176

Time (s): cpu = 00:00:21 ; elapsed = 00:00:06 . Memory (MB): peak = 3441.301 ; gain = 0.000 ; free physical = 4194 ; free virtual = 16895

Phase 3 Detail Placement

Phase 3.1 Commit Multi Column Macros
Phase 3.1 Commit Multi Column Macros | Checksum: 22a4ce3d4

Time (s): cpu = 00:00:22 ; elapsed = 00:00:06 . Memory (MB): peak = 3441.301 ; gain = 0.000 ; free physical = 4193 ; free virtual = 16895

Phase 3.2 Commit Most Macros & LUTRAMs
Phase 3.2 Commit Most Macros & LUTRAMs | Checksum: 1904d10f7

Time (s): cpu = 00:00:24 ; elapsed = 00:00:07 . Memory (MB): peak = 3441.301 ; gain = 0.000 ; free physical = 4193 ; free virtual = 16894

Phase 3.3 Area Swap Optimization
Phase 3.3 Area Swap Optimization | Checksum: 190404107

Time (s): cpu = 00:00:24 ; elapsed = 00:00:07 . Memory (MB): peak = 3441.301 ; gain = 0.000 ; free physical = 4193 ; free virtual = 16894

Phase 3.4 Pipeline Register Optimization
Phase 3.4 Pipeline Register Optimization | Checksum: 26190dcd6

Time (s): cpu = 00:00:24 ; elapsed = 00:00:07 . Memory (MB): peak = 3441.301 ; gain = 0.000 ; free physical = 4193 ; free virtual = 16894

Phase 3.5 Small Shape Detail Placement
Phase 3.5 Small Shape Detail Placement | Checksum: 2483f2062

Time (s): cpu = 00:00:26 ; elapsed = 00:00:08 . Memory (MB): peak = 3441.301 ; gain = 0.000 ; free physical = 4194 ; free virtual = 16895

Phase 3.6 Re-assign LUT pins
Phase 3.6 Re-assign LUT pins | Checksum: 22f21b84b

Time (s): cpu = 00:00:26 ; elapsed = 00:00:08 . Memory (MB): peak = 3441.301 ; gain = 0.000 ; free physical = 4194 ; free virtual = 16895

Phase 3.7 Pipeline Register Optimization
Phase 3.7 Pipeline Register Optimization | Checksum: 18b07f4ac

Time (s): cpu = 00:00:26 ; elapsed = 00:00:08 . Memory (MB): peak = 3441.301 ; gain = 0.000 ; free physical = 4194 ; free virtual = 16895
Phase 3 Detail Placement | Checksum: 18b07f4ac

Time (s): cpu = 00:00:26 ; elapsed = 00:00:08 . Memory (MB): peak = 3441.301 ; gain = 0.000 ; free physical = 4194 ; free virtual = 16895

Phase 4 Post Placement Optimization and Clean-Up

Phase 4.1 Post Commit Optimization
INFO: [Timing 38-35] Done setting XDC timing constraints.

Phase 4.1.1 Post Placement Optimization
Post Placement Optimization Initialization | Checksum: 16a84054b

Phase 4.1.1.1 BUFG Insertion

Starting Physical Synthesis Task

Phase 1 Physical Synthesis Initialization
INFO: [Physopt 32-721] Multithreading enabled for phys_opt_design using a maximum of 8 CPUs
INFO: [Physopt 32-619] Estimated Timing Summary | WNS=12.027 | TNS=0.000 |
Phase 1 Physical Synthesis Initialization | Checksum: 18cbfa852

Time (s): cpu = 00:00:00.99 ; elapsed = 00:00:00.26 . Memory (MB): peak = 3441.301 ; gain = 0.000 ; free physical = 4187 ; free virtual = 16894
INFO: [Place 46-56] BUFG insertion identified 0 candidate nets. Inserted BUFG: 0, Replicated BUFG Driver: 0, Skipped due to Placement/Routing Conflicts: 0, Skipped due to Timing Degradation: 0, Skipped due to netlist editing failed: 0.
Ending Physical Synthesis Task | Checksum: 1d9ab2a66

Time (s): cpu = 00:00:01 ; elapsed = 00:00:00.29 . Memory (MB): peak = 3441.301 ; gain = 0.000 ; free physical = 4187 ; free virtual = 16894
Phase 4.1.1.1 BUFG Insertion | Checksum: 16a84054b

Time (s): cpu = 00:00:29 ; elapsed = 00:00:09 . Memory (MB): peak = 3441.301 ; gain = 0.000 ; free physical = 4187 ; free virtual = 16894

Phase 4.1.1.2 Post Placement Timing Optimization
INFO: [Place 30-746] Post Placement Timing Summary WNS=12.027. For the most accurate timing information please run report_timing.
Phase 4.1.1.2 Post Placement Timing Optimization | Checksum: 1428a73e1

Time (s): cpu = 00:00:30 ; elapsed = 00:00:09 . Memory (MB): peak = 3441.301 ; gain = 0.000 ; free physical = 4187 ; free virtual = 16894

Time (s): cpu = 00:00:30 ; elapsed = 00:00:09 . Memory (MB): peak = 3441.301 ; gain = 0.000 ; free physical = 4187 ; free virtual = 16894
Phase 4.1 Post Commit Optimization | Checksum: 1428a73e1

Time (s): cpu = 00:00:30 ; elapsed = 00:00:09 . Memory (MB): peak = 3441.301 ; gain = 0.000 ; free physical = 4187 ; free virtual = 16894

Phase 4.2 Post Placement Cleanup
Phase 4.2 Post Placement Cleanup | Checksum: 1428a73e1

Time (s): cpu = 00:00:30 ; elapsed = 00:00:09 . Memory (MB): peak = 3441.301 ; gain = 0.000 ; free physical = 4187 ; free virtual = 16894

Phase 4.3 Placer Reporting

Phase 4.3.1 Print Estimated Congestion
INFO: [Place 30-612] Post-Placement Estimated Congestion 
 ____________________________________________________
|           | Global Congestion | Short Congestion  |
| Direction | Region Size       | Region Size       |
|___________|___________________|___________________|
|      North|                1x1|                1x1|
|___________|___________________|___________________|
|      South|                1x1|                1x1|
|___________|___________________|___________________|
|       East|                1x1|                1x1|
|___________|___________________|___________________|
|       West|                1x1|                1x1|
|___________|___________________|___________________|

Phase 4.3.1 Print Estimated Congestion | Checksum: 1428a73e1

Time (s): cpu = 00:00:30 ; elapsed = 00:00:09 . Memory (MB): peak = 3441.301 ; gain = 0.000 ; free physical = 4187 ; free virtual = 16894
Phase 4.3 Placer Reporting | Checksum: 1428a73e1

Time (s): cpu = 00:00:30 ; elapsed = 00:00:09 . Memory (MB): peak = 3441.301 ; gain = 0.000 ; free physical = 4187 ; free virtual = 16894

Phase 4.4 Final Placement Cleanup
Netlist sorting complete. Time (s): cpu = 00:00:00 ; elapsed = 00:00:00 . Memory (MB): peak = 3441.301 ; gain = 0.000 ; free physical = 4187 ; free virtual = 16894

Time (s): cpu = 00:00:30 ; elapsed = 00:00:09 . Memory (MB): peak = 3441.301 ; gain = 0.000 ; free physical = 4187 ; free virtual = 16894
Phase 4 Post Placement Optimization and Clean-Up | Checksum: 186536996

Time (s): cpu = 00:00:30 ; elapsed = 00:00:09 . Memory (MB): peak = 3441.301 ; gain = 0.000 ; free physical = 4187 ; free virtual = 16894
Ending Placer Task | Checksum: 1218e71bc

Time (s): cpu = 00:00:30 ; elapsed = 00:00:09 . Memory (MB): peak = 3441.301 ; gain = 0.000 ; free physical = 4187 ; free virtual = 16894
87 Infos, 0 Warnings, 0 Critical Warnings and 0 Errors encountered.
place_design completed successfully
place_design: Time (s): cpu = 00:00:39 ; elapsed = 00:00:11 . Memory (MB): peak = 3441.301 ; gain = 0.000 ; free physical = 4187 ; free virtual = 16894
INFO: [Vivado 12-24838] Running report commands "report_control_sets, report_io, report_utilization" in parallel.
Running report generation with 3 threads.
INFO: [Vivado 12-24828] Executing command : report_control_sets -verbose -file design_1_wrapper_control_sets_placed.rpt
report_control_sets: Time (s): cpu = 00:00:00.12 ; elapsed = 00:00:00.16 . Memory (MB): peak = 3441.301 ; gain = 0.000 ; free physical = 4179 ; free virtual = 16883
INFO: [Vivado 12-24828] Executing command : report_utilization -file design_1_wrapper_utilization_placed.rpt -pb design_1_wrapper_utilization_placed.pb
INFO: [Vivado 12-24828] Executing command : report_io -file design_1_wrapper_io_placed.rpt
report_io: Time (s): cpu = 00:00:00.33 ; elapsed = 00:00:00.38 . Memory (MB): peak = 3441.301 ; gain = 0.000 ; free physical = 4165 ; free virtual = 16870
INFO: [Timing 38-480] Writing timing data to binary archive.
Write ShapeDB Complete: Time (s): cpu = 00:00:00.07 ; elapsed = 00:00:00.02 . Memory (MB): peak = 3441.301 ; gain = 0.000 ; free physical = 4166 ; free virtual = 16871
Wrote PlaceDB: Time (s): cpu = 00:00:00.91 ; elapsed = 00:00:00.3 . Memory (MB): peak = 3441.301 ; gain = 0.000 ; free physical = 4164 ; free virtual = 16872
Wrote PulsedLatchDB: Time (s): cpu = 00:00:00 ; elapsed = 00:00:00 . Memory (MB): peak = 3441.301 ; gain = 0.000 ; free physical = 4164 ; free virtual = 16872
Writing XDEF routing.
Writing XDEF routing logical nets.
Writing XDEF routing special nets.
Wrote RouteStorage: Time (s): cpu = 00:00:00.02 ; elapsed = 00:00:00.03 . Memory (MB): peak = 3441.301 ; gain = 0.000 ; free physical = 4162 ; free virtual = 16870
Wrote Netlist Cache: Time (s): cpu = 00:00:00 ; elapsed = 00:00:00 . Memory (MB): peak = 3441.301 ; gain = 0.000 ; free physical = 4162 ; free virtual = 16871
Wrote Device Cache: Time (s): cpu = 00:00:00.01 ; elapsed = 00:00:00.01 . Memory (MB): peak = 3441.301 ; gain = 0.000 ; free physical = 4162 ; free virtual = 16871
Write Physdb Complete: Time (s): cpu = 00:00:00.94 ; elapsed = 00:00:00.34 . Memory (MB): peak = 3441.301 ; gain = 0.000 ; free physical = 4162 ; free virtual = 16871
INFO: [Common 17-1381] The checkpoint '/home/ericbreh/Documents/school/cse293-final-project/block-diagram-example/block-diagram-example.runs/impl_1/design_1_wrapper_placed.dcp' has been generated.
Command: phys_opt_design
Attempting to get a license for feature 'Implementation' and/or device 'xc7a100t'
INFO: [Common 17-349] Got license for feature 'Implementation' and/or device 'xc7a100t'

Starting Initial Update Timing Task

Time (s): cpu = 00:00:03 ; elapsed = 00:00:00.6 . Memory (MB): peak = 3441.301 ; gain = 0.000 ; free physical = 4153 ; free virtual = 16861
INFO: [Vivado_Tcl 4-2279] Estimated Timing Summary | WNS= 12.027 | TNS= 0.000 | 
INFO: [Vivado_Tcl 4-383] Design worst setup slack (WNS) is greater than or equal to 0.000 ns. All physical synthesis setup optimizations will be skipped.
INFO: [Vivado_Tcl 4-232] No setup violation found. The netlist was not modified.
INFO: [Common 17-83] Releasing license: Implementation
98 Infos, 0 Warnings, 0 Critical Warnings and 0 Errors encountered.
phys_opt_design completed successfully
INFO: [Timing 38-480] Writing timing data to binary archive.
Write ShapeDB Complete: Time (s): cpu = 00:00:00.04 ; elapsed = 00:00:00.01 . Memory (MB): peak = 3441.301 ; gain = 0.000 ; free physical = 4153 ; free virtual = 16861
Wrote PlaceDB: Time (s): cpu = 00:00:00.61 ; elapsed = 00:00:00.19 . Memory (MB): peak = 3441.301 ; gain = 0.000 ; free physical = 4154 ; free virtual = 16865
Wrote PulsedLatchDB: Time (s): cpu = 00:00:00 ; elapsed = 00:00:00 . Memory (MB): peak = 3441.301 ; gain = 0.000 ; free physical = 4154 ; free virtual = 16865
Writing XDEF routing.
Writing XDEF routing logical nets.
Writing XDEF routing special nets.
Wrote RouteStorage: Time (s): cpu = 00:00:00.02 ; elapsed = 00:00:00.02 . Memory (MB): peak = 3441.301 ; gain = 0.000 ; free physical = 4154 ; free virtual = 16865
Wrote Netlist Cache: Time (s): cpu = 00:00:00.01 ; elapsed = 00:00:00 . Memory (MB): peak = 3441.301 ; gain = 0.000 ; free physical = 4154 ; free virtual = 16866
Wrote Device Cache: Time (s): cpu = 00:00:00 ; elapsed = 00:00:00.01 . Memory (MB): peak = 3441.301 ; gain = 0.000 ; free physical = 4154 ; free virtual = 16866
Write Physdb Complete: Time (s): cpu = 00:00:00.64 ; elapsed = 00:00:00.22 . Memory (MB): peak = 3441.301 ; gain = 0.000 ; free physical = 4154 ; free virtual = 16866
INFO: [Common 17-1381] The checkpoint '/home/ericbreh/Documents/school/cse293-final-project/block-diagram-example/block-diagram-example.runs/impl_1/design_1_wrapper_physopt.dcp' has been generated.
Command: route_design
Attempting to get a license for feature 'Implementation' and/or device 'xc7a100t'
INFO: [Common 17-349] Got license for feature 'Implementation' and/or device 'xc7a100t'


Starting Routing Task
INFO: [Route 35-254] Multithreading enabled for route_design using a maximum of 8 CPUs

Phase 1 Build RT Design
Checksum: PlaceDB: 27d7abc2 ConstDB: 0 ShapeSum: 47e46664 RouteDB: b1d25f96
Post Restoration Checksum: NetGraph: 5e89b641 | NumContArr: 2b0dc476 | Constraints: c2a8fa9d | Timing: c2a8fa9d
Phase 1 Build RT Design | Checksum: 20ee96ff1

Time (s): cpu = 00:00:30 ; elapsed = 00:00:25 . Memory (MB): peak = 3441.301 ; gain = 0.000 ; free physical = 3975 ; free virtual = 16680

Phase 2 Router Initialization

Phase 2.1 Fix Topology Constraints
Phase 2.1 Fix Topology Constraints | Checksum: 20ee96ff1

Time (s): cpu = 00:00:30 ; elapsed = 00:00:25 . Memory (MB): peak = 3441.301 ; gain = 0.000 ; free physical = 3976 ; free virtual = 16682

Phase 2.2 Pre Route Cleanup
Phase 2.2 Pre Route Cleanup | Checksum: 20ee96ff1

Time (s): cpu = 00:00:30 ; elapsed = 00:00:25 . Memory (MB): peak = 3441.301 ; gain = 0.000 ; free physical = 3976 ; free virtual = 16682
 Number of Nodes with overlaps = 0

Phase 2.3 Update Timing
Phase 2.3 Update Timing | Checksum: 2b49ea518

Time (s): cpu = 00:00:34 ; elapsed = 00:00:26 . Memory (MB): peak = 3441.301 ; gain = 0.000 ; free physical = 3949 ; free virtual = 16653
INFO: [Route 35-416] Intermediate Timing Summary | WNS=12.206 | TNS=0.000  | WHS=-0.286 | THS=-211.195|


Router Utilization Summary
  Global Vertical Routing Utilization    = 0.000130565 %
  Global Horizontal Routing Utilization  = 0 %
  Routable Net Status*
  *Does not include unroutable nets such as driverless and loadless.
  Run report_route_status for detailed report.
  Number of Failed Nets               = 2534
    (Failed Nets is the sum of unrouted and partially routed nets)
  Number of Unrouted Nets             = 2529
  Number of Partially Routed Nets     = 5
  Number of Node Overlaps             = 4

Phase 2 Router Initialization | Checksum: 30018790b

Time (s): cpu = 00:00:36 ; elapsed = 00:00:26 . Memory (MB): peak = 3441.301 ; gain = 0.000 ; free physical = 3946 ; free virtual = 16649

Phase 3 Global Routing
Phase 3 Global Routing | Checksum: 30018790b

Time (s): cpu = 00:00:36 ; elapsed = 00:00:26 . Memory (MB): peak = 3441.301 ; gain = 0.000 ; free physical = 3946 ; free virtual = 16649

Phase 4 Initial Routing

Phase 4.1 Initial Net Routing Pass
Phase 4.1 Initial Net Routing Pass | Checksum: 2e05c5bf3

Time (s): cpu = 00:00:40 ; elapsed = 00:00:27 . Memory (MB): peak = 3441.301 ; gain = 0.000 ; free physical = 3947 ; free virtual = 16651
Phase 4 Initial Routing | Checksum: 2e05c5bf3

Time (s): cpu = 00:00:40 ; elapsed = 00:00:27 . Memory (MB): peak = 3441.301 ; gain = 0.000 ; free physical = 3947 ; free virtual = 16651

Phase 5 Rip-up And Reroute

Phase 5.1 Global Iteration 0
 Number of Nodes with overlaps = 92
 Number of Nodes with overlaps = 1
 Number of Nodes with overlaps = 0
INFO: [Route 35-416] Intermediate Timing Summary | WNS=10.586 | TNS=0.000  | WHS=N/A    | THS=N/A    |

Phase 5.1 Global Iteration 0 | Checksum: 252621f0e

Time (s): cpu = 00:00:44 ; elapsed = 00:00:29 . Memory (MB): peak = 3441.301 ; gain = 0.000 ; free physical = 3941 ; free virtual = 16649
Phase 5 Rip-up And Reroute | Checksum: 252621f0e

Time (s): cpu = 00:00:44 ; elapsed = 00:00:29 . Memory (MB): peak = 3441.301 ; gain = 0.000 ; free physical = 3941 ; free virtual = 16649

Phase 6 Delay and Skew Optimization

Phase 6.1 Delay CleanUp

Phase 6.1.1 Update Timing
Phase 6.1.1 Update Timing | Checksum: 24c00198b

Time (s): cpu = 00:00:45 ; elapsed = 00:00:30 . Memory (MB): peak = 3441.301 ; gain = 0.000 ; free physical = 3941 ; free virtual = 16648
INFO: [Route 35-416] Intermediate Timing Summary | WNS=10.682 | TNS=0.000  | WHS=N/A    | THS=N/A    |

Phase 6.1 Delay CleanUp | Checksum: 24c00198b

Time (s): cpu = 00:00:45 ; elapsed = 00:00:30 . Memory (MB): peak = 3441.301 ; gain = 0.000 ; free physical = 3941 ; free virtual = 16648

Phase 6.2 Clock Skew Optimization
Phase 6.2 Clock Skew Optimization | Checksum: 24c00198b

Time (s): cpu = 00:00:45 ; elapsed = 00:00:30 . Memory (MB): peak = 3441.301 ; gain = 0.000 ; free physical = 3941 ; free virtual = 16648
Phase 6 Delay and Skew Optimization | Checksum: 24c00198b

Time (s): cpu = 00:00:45 ; elapsed = 00:00:30 . Memory (MB): peak = 3441.301 ; gain = 0.000 ; free physical = 3941 ; free virtual = 16648

Phase 7 Post Hold Fix

Phase 7.1 Hold Fix Iter
INFO: [Route 35-416] Intermediate Timing Summary | WNS=10.682 | TNS=0.000  | WHS=0.021  | THS=0.000  |

Phase 7.1 Hold Fix Iter | Checksum: 2a2a09d26

Time (s): cpu = 00:00:46 ; elapsed = 00:00:30 . Memory (MB): peak = 3441.301 ; gain = 0.000 ; free physical = 3941 ; free virtual = 16648
Phase 7 Post Hold Fix | Checksum: 2a2a09d26

Time (s): cpu = 00:00:46 ; elapsed = 00:00:30 . Memory (MB): peak = 3441.301 ; gain = 0.000 ; free physical = 3941 ; free virtual = 16648

Phase 8 Route finalize

Router Utilization Summary
  Global Vertical Routing Utilization    = 0.438221 %
  Global Horizontal Routing Utilization  = 0.322464 %
  Routable Net Status*
  *Does not include unroutable nets such as driverless and loadless.
  Run report_route_status for detailed report.
  Number of Failed Nets               = 0
    (Failed Nets is the sum of unrouted and partially routed nets)
  Number of Unrouted Nets             = 0
  Number of Partially Routed Nets     = 0
  Number of Node Overlaps             = 0

Phase 8 Route finalize | Checksum: 2a2a09d26

Time (s): cpu = 00:00:46 ; elapsed = 00:00:30 . Memory (MB): peak = 3441.301 ; gain = 0.000 ; free physical = 3941 ; free virtual = 16648

Phase 9 Verifying routed nets

 Verification completed successfully
Phase 9 Verifying routed nets | Checksum: 2a2a09d26

Time (s): cpu = 00:00:46 ; elapsed = 00:00:30 . Memory (MB): peak = 3441.301 ; gain = 0.000 ; free physical = 3941 ; free virtual = 16648

Phase 10 Depositing Routes
Phase 10 Depositing Routes | Checksum: 222bef5fd

Time (s): cpu = 00:00:47 ; elapsed = 00:00:30 . Memory (MB): peak = 3441.301 ; gain = 0.000 ; free physical = 3941 ; free virtual = 16648

Phase 11 Post Process Routing
Phase 11 Post Process Routing | Checksum: 222bef5fd

Time (s): cpu = 00:00:47 ; elapsed = 00:00:30 . Memory (MB): peak = 3441.301 ; gain = 0.000 ; free physical = 3942 ; free virtual = 16649

Phase 12 Post Router Timing
INFO: [Route 35-57] Estimated Timing Summary | WNS=10.682 | TNS=0.000  | WHS=0.021  | THS=0.000  |

INFO: [Route 35-327] The final timing numbers are based on the router estimated timing analysis. For a complete and accurate timing signoff, please run report_timing_summary.
Phase 12 Post Router Timing | Checksum: 222bef5fd

Time (s): cpu = 00:00:47 ; elapsed = 00:00:30 . Memory (MB): peak = 3441.301 ; gain = 0.000 ; free physical = 3942 ; free virtual = 16649
Total Elapsed time in route_design: 30.14 secs

Phase 13 Post-Route Event Processing
Phase 13 Post-Route Event Processing | Checksum: 14df221aa

Time (s): cpu = 00:00:47 ; elapsed = 00:00:30 . Memory (MB): peak = 3441.301 ; gain = 0.000 ; free physical = 3942 ; free virtual = 16649
INFO: [Route 35-16] Router Completed Successfully
Ending Routing Task | Checksum: 14df221aa

Time (s): cpu = 00:00:47 ; elapsed = 00:00:30 . Memory (MB): peak = 3441.301 ; gain = 0.000 ; free physical = 3942 ; free virtual = 16649

Routing Is Done.
INFO: [Common 17-83] Releasing license: Implementation
110 Infos, 0 Warnings, 0 Critical Warnings and 0 Errors encountered.
route_design completed successfully
route_design: Time (s): cpu = 00:00:47 ; elapsed = 00:00:30 . Memory (MB): peak = 3441.301 ; gain = 0.000 ; free physical = 3942 ; free virtual = 16649
INFO: [Vivado 12-24828] Executing command : report_drc -file design_1_wrapper_drc_routed.rpt -pb design_1_wrapper_drc_routed.pb -rpx design_1_wrapper_drc_routed.rpx
Command: report_drc -file design_1_wrapper_drc_routed.rpt -pb design_1_wrapper_drc_routed.pb -rpx design_1_wrapper_drc_routed.rpx
INFO: [IP_Flow 19-1839] IP Catalog is up to date.
INFO: [DRC 23-27] Running DRC with 8 threads
INFO: [Vivado_Tcl 2-168] The results of DRC are in file /home/ericbreh/Documents/school/cse293-final-project/block-diagram-example/block-diagram-example.runs/impl_1/design_1_wrapper_drc_routed.rpt.
report_drc completed successfully
INFO: [Vivado 12-24828] Executing command : report_methodology -file design_1_wrapper_methodology_drc_routed.rpt -pb design_1_wrapper_methodology_drc_routed.pb -rpx design_1_wrapper_methodology_drc_routed.rpx
Command: report_methodology -file design_1_wrapper_methodology_drc_routed.rpt -pb design_1_wrapper_methodology_drc_routed.pb -rpx design_1_wrapper_methodology_drc_routed.rpx
INFO: [Timing 38-35] Done setting XDC timing constraints.
INFO: [DRC 23-133] Running Methodology with 8 threads
INFO: [Vivado_Tcl 2-1520] The results of Report Methodology are in file /home/ericbreh/Documents/school/cse293-final-project/block-diagram-example/block-diagram-example.runs/impl_1/design_1_wrapper_methodology_drc_routed.rpt.
report_methodology completed successfully
INFO: [Vivado 12-24828] Executing command : report_timing_summary -max_paths 10 -report_unconstrained -file design_1_wrapper_timing_summary_routed.rpt -pb design_1_wrapper_timing_summary_routed.pb -rpx design_1_wrapper_timing_summary_routed.rpx -warn_on_violation 
INFO: [Timing 38-35] Done setting XDC timing constraints.
INFO: [Timing 38-91] UpdateTimingParams: Speed grade: -1, Delay Type: min_max.
INFO: [Timing 38-191] Multithreading enabled for timing update using a maximum of 8 CPUs
INFO: [Vivado 12-24838] Running report commands "report_bus_skew, report_incremental_reuse, report_route_status" in parallel.
Running report generation with 3 threads.
INFO: [Vivado 12-24828] Executing command : report_route_status -file design_1_wrapper_route_status.rpt -pb design_1_wrapper_route_status.pb
INFO: [Vivado 12-24828] Executing command : report_incremental_reuse -file design_1_wrapper_incremental_reuse_routed.rpt
INFO: [Vivado_Tcl 4-1062] Incremental flow is disabled. No incremental reuse Info to report.
INFO: [Vivado 12-24828] Executing command : report_bus_skew -warn_on_violation -file design_1_wrapper_bus_skew_routed.rpt -pb design_1_wrapper_bus_skew_routed.pb -rpx design_1_wrapper_bus_skew_routed.rpx
INFO: [Timing 38-91] UpdateTimingParams: Speed grade: -1, Delay Type: min_max.
INFO: [Timing 38-191] Multithreading enabled for timing update using a maximum of 8 CPUs
INFO: [Vivado 12-24828] Executing command : report_power -file design_1_wrapper_power_routed.rpt -pb design_1_wrapper_power_summary_routed.pb -rpx design_1_wrapper_power_routed.rpx
Command: report_power -file design_1_wrapper_power_routed.rpt -pb design_1_wrapper_power_summary_routed.pb -rpx design_1_wrapper_power_routed.rpx
Running Vector-less Activity Propagation...

Finished Running Vector-less Activity Propagation
WARNING: [Power 33-332] Found switching activity that implies high-fanout reset nets being asserted for excessive periods of time which may result in inaccurate power analysis.
Resolution: To review and fix problems, please run Power Constraints Advisor in the GUI from Tools > Power Constraints Advisor or run report_power with the -advisory option to generate a text report.
130 Infos, 1 Warnings, 0 Critical Warnings and 0 Errors encountered.
report_power completed successfully
INFO: [Vivado 12-24828] Executing command : report_clock_utilization -file design_1_wrapper_clock_utilization_routed.rpt
generate_parallel_reports: Time (s): cpu = 00:00:49 ; elapsed = 00:00:11 . Memory (MB): peak = 3495.227 ; gain = 53.926 ; free physical = 3840 ; free virtual = 16562
INFO: [Timing 38-480] Writing timing data to binary archive.
Write ShapeDB Complete: Time (s): cpu = 00:00:00.03 ; elapsed = 00:00:00.01 . Memory (MB): peak = 3495.227 ; gain = 0.000 ; free physical = 3840 ; free virtual = 16563
Wrote PlaceDB: Time (s): cpu = 00:00:00.48 ; elapsed = 00:00:00.14 . Memory (MB): peak = 3495.227 ; gain = 0.000 ; free physical = 3836 ; free virtual = 16562
Wrote PulsedLatchDB: Time (s): cpu = 00:00:00 ; elapsed = 00:00:00 . Memory (MB): peak = 3495.227 ; gain = 0.000 ; free physical = 3836 ; free virtual = 16562
Writing XDEF routing.
Writing XDEF routing logical nets.
Writing XDEF routing special nets.
Wrote RouteStorage: Time (s): cpu = 00:00:00.05 ; elapsed = 00:00:00.04 . Memory (MB): peak = 3495.227 ; gain = 0.000 ; free physical = 3836 ; free virtual = 16562
Wrote Netlist Cache: Time (s): cpu = 00:00:00 ; elapsed = 00:00:00.01 . Memory (MB): peak = 3495.227 ; gain = 0.000 ; free physical = 3836 ; free virtual = 16563
Wrote Device Cache: Time (s): cpu = 00:00:00.01 ; elapsed = 00:00:00 . Memory (MB): peak = 3495.227 ; gain = 0.000 ; free physical = 3836 ; free virtual = 16563
Write Physdb Complete: Time (s): cpu = 00:00:00.54 ; elapsed = 00:00:00.19 . Memory (MB): peak = 3495.227 ; gain = 0.000 ; free physical = 3836 ; free virtual = 16563
INFO: [Common 17-1381] The checkpoint '/home/ericbreh/Documents/school/cse293-final-project/block-diagram-example/block-diagram-example.runs/impl_1/design_1_wrapper_routed.dcp' has been generated.
INFO: [Memdata 28-208] The XPM instance: <design_1_i/axis_snoop_debug_0/inst/genblk1[1].axis_snoop_fifo_i/snoop_fifo/inst/gen_fifo.xpm_fifo_axis_inst/xpm_fifo_base_inst/gen_sdpram.xpm_memory_base_inst> is part of IP: <design_1_i/axis_snoop_debug_0/inst/genblk1[1].axis_snoop_fifo_i/snoop_fifo>. This XPM instance will be excluded from the .mmi because updatemem is prohibited from making changes to an XPM that is part of an IP.
INFO: [Memdata 28-208] The XPM instance: <design_1_i/axis_snoop_debug_0/inst/genblk1[0].axis_snoop_fifo_i/snoop_fifo/inst/gen_fifo.xpm_fifo_axis_inst/xpm_fifo_base_inst/gen_sdpram.xpm_memory_base_inst> is part of IP: <design_1_i/axis_snoop_debug_0/inst/genblk1[0].axis_snoop_fifo_i/snoop_fifo>. This XPM instance will be excluded from the .mmi because updatemem is prohibited from making changes to an XPM that is part of an IP.
INFO: [Memdata 28-208] The XPM instance: <design_1_i/axis_gpio_0/inst/sw_axis_i/axis_data_fifo_tuser/inst/gen_fifo.xpm_fifo_axis_inst/xpm_fifo_base_inst/gen_sdpram.xpm_memory_base_inst> is part of IP: <design_1_i/axis_gpio_0/inst/sw_axis_i/axis_data_fifo_tuser>. This XPM instance will be excluded from the .mmi because updatemem is prohibited from making changes to an XPM that is part of an IP.
Command: write_bitstream -force design_1_wrapper.bit
Attempting to get a license for feature 'Implementation' and/or device 'xc7a100t'
INFO: [Common 17-349] Got license for feature 'Implementation' and/or device 'xc7a100t'
Running DRC as a precondition to command write_bitstream
INFO: [IP_Flow 19-1839] IP Catalog is up to date.
INFO: [DRC 23-27] Running DRC with 8 threads
INFO: [Vivado 12-3199] DRC finished with 0 Errors
INFO: [Vivado 12-3200] Please refer to the DRC report (report_drc) for more information.
INFO: [Designutils 20-2272] Running write_bitstream with 8 threads.
Loading data files...
Loading site data...
Loading route data...
Processing options...
Creating bitmap...
Creating bitstream...
Writing bitstream ./design_1_wrapper.bit...
INFO: [Vivado 12-1842] Bitgen Completed Successfully.
INFO: [Project 1-1876] WebTalk data collection is mandatory when using a ULT device. To see the specific WebTalk data collected for your design, open the usage_statistics_webtalk.html or usage_statistics_webtalk.xml file in the implementation directory.
INFO: [Common 17-83] Releasing license: Implementation
145 Infos, 1 Warnings, 0 Critical Warnings and 0 Errors encountered.
write_bitstream completed successfully
write_bitstream: Time (s): cpu = 00:00:27 ; elapsed = 00:00:19 . Memory (MB): peak = 3692.438 ; gain = 101.188 ; free physical = 3549 ; free virtual = 16282
INFO: [Common 17-206] Exiting Vivado at Thu Feb 13 16:55:56 2025...
