#-----------------------------------------------------------
# Vivado v2024.2 (64-bit)
# SW Build 5239630 on Fri Nov 08 22:34:34 MST 2024
# IP Build 5239520 on Sun Nov 10 16:12:51 MST 2024
# SharedData Build 5239561 on Fri Nov 08 14:39:27 MST 2024
# Start of session at: Thu Feb 13 18:28:45 2025
# Process ID         : 30534
# Current directory  : /home/ericbreh/Documents/school/cse293-final-project/block-diagram-example
# Command line       : vivado
# Log file           : /home/ericbreh/Documents/school/cse293-final-project/block-diagram-example/vivado.log
# Journal file       : /home/ericbreh/Documents/school/cse293-final-project/block-diagram-example/vivado.jou
# Running On         : fedora
# Platform           : Fedora
# Operating System   : Fedora Linux 41 (Workstation Edition)
# Processor Detail   : Intel(R) Core(TM) i7-10610U CPU @ 1.80GHz
# CPU Frequency      : 2399.998 MHz
# CPU Physical cores : 4
# CPU Logical cores  : 8
# Host memory        : 16367 MB
# Swap memory        : 8589 MB
# Total Virtual      : 24957 MB
# Available Virtual  : 22223 MB
#-----------------------------------------------------------
start_gui
open_project /home/ericbreh/Documents/school/cse293-final-project/block-diagram-example/block-diagram-example.xpr
Scanning sources...
Finished scanning sources
INFO: [IP_Flow 19-234] Refreshing IP repositories
INFO: [IP_Flow 19-1700] Loaded user IP repository '/home/ericbreh/Documents/school/cse293-final-project/third_party/HDLForBeginners_Toolbox/ip_repo'.
INFO: [IP_Flow 19-2313] Loaded Vivado IP repository '/home/ericbreh/Utils/Xilinx/Vivado/2024.2/data/ip'.
open_project: Time (s): cpu = 00:00:16 ; elapsed = 00:00:05 . Memory (MB): peak = 8110.934 ; gain = 397.906 ; free physical = 6525 ; free virtual = 20410
update_compile_order -fileset sources_1
